{"/home/runner/work/lightinator-log-service/lightinator-log-service/src/config.js": {"path":"/home/runner/work/lightinator-log-service/lightinator-log-service/src/config.js","statementMap":{"0":{"start":{"line":1,"column":13},"end":{"line":1,"column":28}},"1":{"start":{"line":4,"column":16},"end":{"line":4,"column":33}},"2":{"start":{"line":5,"column":2},"end":{"line":5,"column":30}},"3":{"start":{"line":5,"column":14},"end":{"line":5,"column":30}},"4":{"start":{"line":6,"column":17},"end":{"line":6,"column":43}},"5":{"start":{"line":7,"column":2},"end":{"line":7,"column":53}},"6":{"start":{"line":10,"column":15},"end":{"line":38,"column":1}},"7":{"start":{"line":23,"column":99},"end":{"line":23,"column":107}},"8":{"start":{"line":40,"column":0},"end":{"line":40,"column":28}}},"fnMap":{"0":{"name":"envInt","decl":{"start":{"line":3,"column":9},"end":{"line":3,"column":15}},"loc":{"start":{"line":3,"column":32},"end":{"line":8,"column":1}},"line":3},"1":{"name":"(anonymous_1)","decl":{"start":{"line":23,"column":94},"end":{"line":23,"column":95}},"loc":{"start":{"line":23,"column":99},"end":{"line":23,"column":107}},"line":23}},"branchMap":{"0":{"loc":{"start":{"line":5,"column":2},"end":{"line":5,"column":30}},"type":"if","locations":[{"start":{"line":5,"column":2},"end":{"line":5,"column":30}},{"start":{},"end":{}}],"line":5},"1":{"loc":{"start":{"line":7,"column":9},"end":{"line":7,"column":52}},"type":"cond-expr","locations":[{"start":{"line":7,"column":35},"end":{"line":7,"column":41}},{"start":{"line":7,"column":44},"end":{"line":7,"column":52}}],"line":7},"2":{"loc":{"start":{"line":11,"column":8},"end":{"line":11,"column":46}},"type":"binary-expr","locations":[{"start":{"line":11,"column":8},"end":{"line":11,"column":33}},{"start":{"line":11,"column":37},"end":{"line":11,"column":46}}],"line":11},"3":{"loc":{"start":{"line":13,"column":11},"end":{"line":13,"column":48}},"type":"binary-expr","locations":[{"start":{"line":13,"column":11},"end":{"line":13,"column":35}},{"start":{"line":13,"column":39},"end":{"line":13,"column":48}}],"line":13},"4":{"loc":{"start":{"line":15,"column":11},"end":{"line":15,"column":79}},"type":"binary-expr","locations":[{"start":{"line":15,"column":11},"end":{"line":15,"column":35}},{"start":{"line":15,"column":39},"end":{"line":15,"column":79}}],"line":15},"5":{"loc":{"start":{"line":18,"column":14},"end":{"line":18,"column":48}},"type":"binary-expr","locations":[{"start":{"line":18,"column":14},"end":{"line":18,"column":41}},{"start":{"line":18,"column":45},"end":{"line":18,"column":48}}],"line":18},"6":{"loc":{"start":{"line":19,"column":15},"end":{"line":19,"column":70}},"type":"binary-expr","locations":[{"start":{"line":19,"column":15},"end":{"line":19,"column":43}},{"start":{"line":19,"column":47},"end":{"line":19,"column":70}}],"line":19},"7":{"loc":{"start":{"line":20,"column":12},"end":{"line":20,"column":71}},"type":"binary-expr","locations":[{"start":{"line":20,"column":12},"end":{"line":20,"column":37}},{"start":{"line":20,"column":41},"end":{"line":20,"column":71}}],"line":20},"8":{"loc":{"start":{"line":21,"column":18},"end":{"line":21,"column":94}},"type":"binary-expr","locations":[{"start":{"line":21,"column":18},"end":{"line":21,"column":45}},{"start":{"line":21,"column":49},"end":{"line":21,"column":94}}],"line":21},"9":{"loc":{"start":{"line":23,"column":23},"end":{"line":23,"column":77}},"type":"binary-expr","locations":[{"start":{"line":23,"column":23},"end":{"line":23,"column":54}},{"start":{"line":23,"column":58},"end":{"line":23,"column":77}}],"line":23},"10":{"loc":{"start":{"line":27,"column":23},"end":{"line":27,"column":111}},"type":"binary-expr","locations":[{"start":{"line":27,"column":23},"end":{"line":27,"column":55}},{"start":{"line":27,"column":59},"end":{"line":27,"column":111}}],"line":27},"11":{"loc":{"start":{"line":29,"column":18},"end":{"line":29,"column":96}},"type":"binary-expr","locations":[{"start":{"line":29,"column":18},"end":{"line":29,"column":45}},{"start":{"line":29,"column":49},"end":{"line":29,"column":96}}],"line":29},"12":{"loc":{"start":{"line":33,"column":23},"end":{"line":33,"column":66}},"type":"binary-expr","locations":[{"start":{"line":33,"column":23},"end":{"line":33,"column":60}},{"start":{"line":33,"column":64},"end":{"line":33,"column":66}}],"line":33},"13":{"loc":{"start":{"line":35,"column":15},"end":{"line":35,"column":88}},"type":"binary-expr","locations":[{"start":{"line":35,"column":15},"end":{"line":35,"column":44}},{"start":{"line":35,"column":48},"end":{"line":35,"column":88}}],"line":35},"14":{"loc":{"start":{"line":37,"column":14},"end":{"line":37,"column":78}},"type":"binary-expr","locations":[{"start":{"line":37,"column":14},"end":{"line":37,"column":42}},{"start":{"line":37,"column":46},"end":{"line":37,"column":78}}],"line":37}},"s":{"0":19,"1":114,"2":114,"3":109,"4":5,"5":5,"6":19,"7":23,"8":19},"f":{"0":114,"1":23},"b":{"0":[109,5],"1":[4,1],"2":[19,18],"3":[19,19],"4":[19,19],"5":[19,18],"6":[19,19],"7":[19,19],"8":[19,19],"9":[19,17],"10":[19,19],"11":[19,19],"12":[19,18],"13":[19,19],"14":[19,19]},"_coverageSchema":"1a1c01bbd47fc00a2c39e90264f33305004495a9","hash":"b41edbff8af3b9315955712b4ec166b1b7459a8b"}
,"/home/runner/work/lightinator-log-service/lightinator-log-service/src/crashDecoder.js": {"path":"/home/runner/work/lightinator-log-service/lightinator-log-service/src/crashDecoder.js","statementMap":{"0":{"start":{"line":27,"column":18},"end":{"line":27,"column":42}},"1":{"start":{"line":28,"column":11},"end":{"line":28,"column":24}},"2":{"start":{"line":29,"column":12},"end":{"line":29,"column":34}},"3":{"start":{"line":30,"column":13},"end":{"line":30,"column":28}},"4":{"start":{"line":31,"column":13},"end":{"line":31,"column":28}},"5":{"start":{"line":32,"column":14},"end":{"line":32,"column":30}},"6":{"start":{"line":35,"column":25},"end":{"line":35,"column":80}},"7":{"start":{"line":39,"column":19},"end":{"line":58,"column":1}},"8":{"start":{"line":70,"column":4},"end":{"line":70,"column":35}},"9":{"start":{"line":71,"column":4},"end":{"line":71,"column":34}},"10":{"start":{"line":72,"column":4},"end":{"line":72,"column":33}},"11":{"start":{"line":75,"column":4},"end":{"line":75,"column":33}},"12":{"start":{"line":84,"column":16},"end":{"line":84,"column":48}},"13":{"start":{"line":85,"column":16},"end":{"line":85,"column":31}},"14":{"start":{"line":88,"column":4},"end":{"line":90,"column":5}},"15":{"start":{"line":89,"column":6},"end":{"line":89,"column":62}},"16":{"start":{"line":92,"column":18},"end":{"line":92,"column":42}},"17":{"start":{"line":93,"column":4},"end":{"line":93,"column":29}},"18":{"start":{"line":93,"column":16},"end":{"line":93,"column":29}},"19":{"start":{"line":95,"column":4},"end":{"line":95,"column":26}},"20":{"start":{"line":97,"column":4},"end":{"line":100,"column":5}},"21":{"start":{"line":98,"column":6},"end":{"line":98,"column":27}},"22":{"start":{"line":99,"column":6},"end":{"line":99,"column":18}},"23":{"start":{"line":103,"column":4},"end":{"line":112,"column":5}},"24":{"start":{"line":104,"column":6},"end":{"line":104,"column":34}},"25":{"start":{"line":105,"column":28},"end":{"line":105,"column":39}},"26":{"start":{"line":106,"column":6},"end":{"line":110,"column":9}},"27":{"start":{"line":107,"column":8},"end":{"line":109,"column":11}},"28":{"start":{"line":108,"column":10},"end":{"line":108,"column":77}},"29":{"start":{"line":111,"column":6},"end":{"line":111,"column":18}},"30":{"start":{"line":114,"column":4},"end":{"line":114,"column":16}},"31":{"start":{"line":120,"column":17},"end":{"line":120,"column":50}},"32":{"start":{"line":121,"column":4},"end":{"line":124,"column":5}},"33":{"start":{"line":122,"column":6},"end":{"line":122,"column":88}},"34":{"start":{"line":123,"column":6},"end":{"line":123,"column":13}},"35":{"start":{"line":126,"column":45},"end":{"line":126,"column":49}},"36":{"start":{"line":127,"column":19},"end":{"line":127,"column":36}},"37":{"start":{"line":128,"column":19},"end":{"line":128,"column":37}},"38":{"start":{"line":130,"column":4},"end":{"line":133,"column":5}},"39":{"start":{"line":131,"column":6},"end":{"line":131,"column":87}},"40":{"start":{"line":132,"column":6},"end":{"line":132,"column":13}},"41":{"start":{"line":136,"column":19},"end":{"line":136,"column":58}},"42":{"start":{"line":137,"column":19},"end":{"line":137,"column":49}},"43":{"start":{"line":138,"column":19},"end":{"line":138,"column":40}},"44":{"start":{"line":140,"column":20},"end":{"line":140,"column":98}},"45":{"start":{"line":141,"column":20},"end":{"line":144,"column":5}},"46":{"start":{"line":146,"column":4},"end":{"line":146,"column":69}},"47":{"start":{"line":147,"column":4},"end":{"line":147,"column":43}},"48":{"start":{"line":149,"column":4},"end":{"line":149,"column":70}},"49":{"start":{"line":150,"column":20},"end":{"line":150,"column":62}},"50":{"start":{"line":152,"column":4},"end":{"line":163,"column":5}},"51":{"start":{"line":153,"column":6},"end":{"line":162,"column":9}},"52":{"start":{"line":167,"column":4},"end":{"line":200,"column":7}},"53":{"start":{"line":168,"column":18},"end":{"line":197,"column":7}},"54":{"start":{"line":177,"column":10},"end":{"line":180,"column":11}},"55":{"start":{"line":178,"column":12},"end":{"line":178,"column":25}},"56":{"start":{"line":179,"column":12},"end":{"line":179,"column":33}},"57":{"start":{"line":181,"column":21},"end":{"line":181,"column":23}},"58":{"start":{"line":182,"column":10},"end":{"line":182,"column":34}},"59":{"start":{"line":183,"column":10},"end":{"line":183,"column":43}},"60":{"start":{"line":183,"column":31},"end":{"line":183,"column":40}},"61":{"start":{"line":184,"column":10},"end":{"line":195,"column":13}},"62":{"start":{"line":185,"column":12},"end":{"line":194,"column":13}},"63":{"start":{"line":186,"column":24},"end":{"line":186,"column":40}},"64":{"start":{"line":187,"column":14},"end":{"line":191,"column":17}},"65":{"start":{"line":193,"column":14},"end":{"line":193,"column":28}},"66":{"start":{"line":198,"column":6},"end":{"line":198,"column":65}},"67":{"start":{"line":198,"column":32},"end":{"line":198,"column":46}},"68":{"start":{"line":198,"column":47},"end":{"line":198,"column":61}},"69":{"start":{"line":199,"column":6},"end":{"line":199,"column":54}},"70":{"start":{"line":199,"column":39},"end":{"line":199,"column":52}},"71":{"start":{"line":204,"column":4},"end":{"line":204,"column":66}},"72":{"start":{"line":207,"column":4},"end":{"line":210,"column":31}},"73":{"start":{"line":208,"column":6},"end":{"line":208,"column":34}},"74":{"start":{"line":209,"column":6},"end":{"line":209,"column":13}},"75":{"start":{"line":212,"column":20},"end":{"line":212,"column":38}},"76":{"start":{"line":213,"column":4},"end":{"line":226,"column":7}},"77":{"start":{"line":214,"column":19},"end":{"line":214,"column":57}},"78":{"start":{"line":215,"column":19},"end":{"line":215,"column":48}},"79":{"start":{"line":216,"column":6},"end":{"line":225,"column":60}},"80":{"start":{"line":217,"column":8},"end":{"line":221,"column":9}},"81":{"start":{"line":218,"column":10},"end":{"line":218,"column":23}},"82":{"start":{"line":219,"column":10},"end":{"line":219,"column":96}},"83":{"start":{"line":219,"column":27},"end":{"line":219,"column":94}},"84":{"start":{"line":220,"column":10},"end":{"line":220,"column":17}},"85":{"start":{"line":222,"column":8},"end":{"line":222,"column":23}},"86":{"start":{"line":223,"column":8},"end":{"line":223,"column":53}},"87":{"start":{"line":223,"column":32},"end":{"line":223,"column":51}},"88":{"start":{"line":224,"column":8},"end":{"line":224,"column":34}},"89":{"start":{"line":225,"column":28},"end":{"line":225,"column":56}},"90":{"start":{"line":225,"column":45},"end":{"line":225,"column":54}},"91":{"start":{"line":228,"column":4},"end":{"line":228,"column":41}},"92":{"start":{"line":232,"column":4},"end":{"line":261,"column":7}},"93":{"start":{"line":233,"column":18},"end":{"line":237,"column":7}},"94":{"start":{"line":239,"column":19},"end":{"line":242,"column":8}},"95":{"start":{"line":244,"column":19},"end":{"line":244,"column":21}},"96":{"start":{"line":245,"column":19},"end":{"line":245,"column":21}},"97":{"start":{"line":246,"column":6},"end":{"line":246,"column":49}},"98":{"start":{"line":246,"column":35},"end":{"line":246,"column":46}},"99":{"start":{"line":247,"column":6},"end":{"line":247,"column":49}},"100":{"start":{"line":247,"column":35},"end":{"line":247,"column":46}},"101":{"start":{"line":249,"column":6},"end":{"line":249,"column":31}},"102":{"start":{"line":250,"column":6},"end":{"line":256,"column":9}},"103":{"start":{"line":251,"column":8},"end":{"line":255,"column":9}},"104":{"start":{"line":252,"column":10},"end":{"line":252,"column":89}},"105":{"start":{"line":254,"column":10},"end":{"line":254,"column":36}},"106":{"start":{"line":259,"column":6},"end":{"line":259,"column":50}},"107":{"start":{"line":260,"column":6},"end":{"line":260,"column":23}},"108":{"start":{"line":265,"column":0},"end":{"line":265,"column":34}}},"fnMap":{"0":{"name":"(anonymous_0)","decl":{"start":{"line":69,"column":2},"end":{"line":69,"column":3}},"loc":{"start":{"line":69,"column":54},"end":{"line":76,"column":3}},"line":69},"1":{"name":"(anonymous_1)","decl":{"start":{"line":83,"column":2},"end":{"line":83,"column":3}},"loc":{"start":{"line":83,"column":15},"end":{"line":115,"column":3}},"line":83},"2":{"name":"(anonymous_2)","decl":{"start":{"line":106,"column":19},"end":{"line":106,"column":20}},"loc":{"start":{"line":106,"column":25},"end":{"line":110,"column":7}},"line":106},"3":{"name":"(anonymous_3)","decl":{"start":{"line":107,"column":54},"end":{"line":107,"column":55}},"loc":{"start":{"line":107,"column":59},"end":{"line":109,"column":9}},"line":107},"4":{"name":"(anonymous_4)","decl":{"start":{"line":119,"column":2},"end":{"line":119,"column":3}},"loc":{"start":{"line":119,"column":42},"end":{"line":164,"column":3}},"line":119},"5":{"name":"(anonymous_5)","decl":{"start":{"line":166,"column":2},"end":{"line":166,"column":3}},"loc":{"start":{"line":166,"column":25},"end":{"line":201,"column":3}},"line":166},"6":{"name":"(anonymous_6)","decl":{"start":{"line":167,"column":23},"end":{"line":167,"column":24}},"loc":{"start":{"line":167,"column":36},"end":{"line":200,"column":5}},"line":167},"7":{"name":"(anonymous_7)","decl":{"start":{"line":176,"column":8},"end":{"line":176,"column":9}},"loc":{"start":{"line":176,"column":17},"end":{"line":196,"column":9}},"line":176},"8":{"name":"(anonymous_8)","decl":{"start":{"line":183,"column":25},"end":{"line":183,"column":26}},"loc":{"start":{"line":183,"column":31},"end":{"line":183,"column":40}},"line":183},"9":{"name":"(anonymous_9)","decl":{"start":{"line":184,"column":24},"end":{"line":184,"column":25}},"loc":{"start":{"line":184,"column":30},"end":{"line":195,"column":11}},"line":184},"10":{"name":"(anonymous_10)","decl":{"start":{"line":198,"column":24},"end":{"line":198,"column":25}},"loc":{"start":{"line":198,"column":30},"end":{"line":198,"column":63}},"line":198},"11":{"name":"(anonymous_11)","decl":{"start":{"line":199,"column":24},"end":{"line":199,"column":25}},"loc":{"start":{"line":199,"column":39},"end":{"line":199,"column":52}},"line":199},"12":{"name":"(anonymous_12)","decl":{"start":{"line":203,"column":2},"end":{"line":203,"column":3}},"loc":{"start":{"line":203,"column":35},"end":{"line":229,"column":3}},"line":203},"13":{"name":"(anonymous_13)","decl":{"start":{"line":213,"column":22},"end":{"line":213,"column":23}},"loc":{"start":{"line":213,"column":43},"end":{"line":226,"column":5}},"line":213},"14":{"name":"(anonymous_14)","decl":{"start":{"line":216,"column":19},"end":{"line":216,"column":20}},"loc":{"start":{"line":216,"column":28},"end":{"line":225,"column":7}},"line":216},"15":{"name":"(anonymous_15)","decl":{"start":{"line":219,"column":21},"end":{"line":219,"column":22}},"loc":{"start":{"line":219,"column":27},"end":{"line":219,"column":94}},"line":219},"16":{"name":"(anonymous_16)","decl":{"start":{"line":223,"column":26},"end":{"line":223,"column":27}},"loc":{"start":{"line":223,"column":32},"end":{"line":223,"column":51}},"line":223},"17":{"name":"(anonymous_17)","decl":{"start":{"line":225,"column":21},"end":{"line":225,"column":22}},"loc":{"start":{"line":225,"column":26},"end":{"line":225,"column":58}},"line":225},"18":{"name":"(anonymous_18)","decl":{"start":{"line":225,"column":39},"end":{"line":225,"column":40}},"loc":{"start":{"line":225,"column":45},"end":{"line":225,"column":54}},"line":225},"19":{"name":"(anonymous_19)","decl":{"start":{"line":231,"column":2},"end":{"line":231,"column":3}},"loc":{"start":{"line":231,"column":34},"end":{"line":262,"column":3}},"line":231},"20":{"name":"(anonymous_20)","decl":{"start":{"line":232,"column":23},"end":{"line":232,"column":24}},"loc":{"start":{"line":232,"column":44},"end":{"line":261,"column":5}},"line":232},"21":{"name":"(anonymous_21)","decl":{"start":{"line":246,"column":29},"end":{"line":246,"column":30}},"loc":{"start":{"line":246,"column":35},"end":{"line":246,"column":46}},"line":246},"22":{"name":"(anonymous_22)","decl":{"start":{"line":247,"column":29},"end":{"line":247,"column":30}},"loc":{"start":{"line":247,"column":35},"end":{"line":247,"column":46}},"line":247},"23":{"name":"(anonymous_23)","decl":{"start":{"line":250,"column":23},"end":{"line":250,"column":24}},"loc":{"start":{"line":250,"column":33},"end":{"line":256,"column":7}},"line":250}},"branchMap":{"0":{"loc":{"start":{"line":84,"column":17},"end":{"line":84,"column":37}},"type":"binary-expr","locations":[{"start":{"line":84,"column":17},"end":{"line":84,"column":31}},{"start":{"line":84,"column":35},"end":{"line":84,"column":37}}],"line":84},"1":{"loc":{"start":{"line":88,"column":4},"end":{"line":90,"column":5}},"type":"if","locations":[{"start":{"line":88,"column":4},"end":{"line":90,"column":5}},{"start":{},"end":{}}],"line":88},"2":{"loc":{"start":{"line":93,"column":4},"end":{"line":93,"column":29}},"type":"if","locations":[{"start":{"line":93,"column":4},"end":{"line":93,"column":29}},{"start":{},"end":{}}],"line":93},"3":{"loc":{"start":{"line":97,"column":4},"end":{"line":100,"column":5}},"type":"if","locations":[{"start":{"line":97,"column":4},"end":{"line":100,"column":5}},{"start":{},"end":{}}],"line":97},"4":{"loc":{"start":{"line":103,"column":4},"end":{"line":112,"column":5}},"type":"if","locations":[{"start":{"line":103,"column":4},"end":{"line":112,"column":5}},{"start":{},"end":{}}],"line":103},"5":{"loc":{"start":{"line":103,"column":8},"end":{"line":103,"column":42}},"type":"binary-expr","locations":[{"start":{"line":103,"column":8},"end":{"line":103,"column":21}},{"start":{"line":103,"column":25},"end":{"line":103,"column":42}}],"line":103},"6":{"loc":{"start":{"line":121,"column":4},"end":{"line":124,"column":5}},"type":"if","locations":[{"start":{"line":121,"column":4},"end":{"line":124,"column":5}},{"start":{},"end":{}}],"line":121},"7":{"loc":{"start":{"line":121,"column":8},"end":{"line":121,"column":47}},"type":"binary-expr","locations":[{"start":{"line":121,"column":8},"end":{"line":121,"column":13}},{"start":{"line":121,"column":17},"end":{"line":121,"column":34}},{"start":{"line":121,"column":38},"end":{"line":121,"column":47}}],"line":121},"8":{"loc":{"start":{"line":130,"column":4},"end":{"line":133,"column":5}},"type":"if","locations":[{"start":{"line":130,"column":4},"end":{"line":133,"column":5}},{"start":{},"end":{}}],"line":130},"9":{"loc":{"start":{"line":137,"column":19},"end":{"line":137,"column":49}},"type":"cond-expr","locations":[{"start":{"line":137,"column":28},"end":{"line":137,"column":37}},{"start":{"line":137,"column":40},"end":{"line":137,"column":49}}],"line":137},"10":{"loc":{"start":{"line":138,"column":19},"end":{"line":138,"column":40}},"type":"binary-expr","locations":[{"start":{"line":138,"column":19},"end":{"line":138,"column":29}},{"start":{"line":138,"column":33},"end":{"line":138,"column":40}}],"line":138},"11":{"loc":{"start":{"line":152,"column":4},"end":{"line":163,"column":5}},"type":"if","locations":[{"start":{"line":152,"column":4},"end":{"line":163,"column":5}},{"start":{},"end":{}}],"line":152},"12":{"loc":{"start":{"line":177,"column":10},"end":{"line":180,"column":11}},"type":"if","locations":[{"start":{"line":177,"column":10},"end":{"line":180,"column":11}},{"start":{},"end":{}}],"line":177},"13":{"loc":{"start":{"line":177,"column":14},"end":{"line":177,"column":59}},"type":"binary-expr","locations":[{"start":{"line":177,"column":14},"end":{"line":177,"column":34}},{"start":{"line":177,"column":38},"end":{"line":177,"column":59}}],"line":177},"14":{"loc":{"start":{"line":188,"column":29},"end":{"line":188,"column":56}},"type":"binary-expr","locations":[{"start":{"line":188,"column":29},"end":{"line":188,"column":48}},{"start":{"line":188,"column":52},"end":{"line":188,"column":56}}],"line":188},"15":{"loc":{"start":{"line":189,"column":29},"end":{"line":189,"column":57}},"type":"binary-expr","locations":[{"start":{"line":189,"column":29},"end":{"line":189,"column":43}},{"start":{"line":189,"column":53},"end":{"line":189,"column":57}}],"line":189},"16":{"loc":{"start":{"line":190,"column":29},"end":{"line":190,"column":60}},"type":"binary-expr","locations":[{"start":{"line":190,"column":29},"end":{"line":190,"column":47}},{"start":{"line":190,"column":53},"end":{"line":190,"column":60}}],"line":190},"17":{"loc":{"start":{"line":214,"column":19},"end":{"line":214,"column":57}},"type":"cond-expr","locations":[{"start":{"line":214,"column":45},"end":{"line":214,"column":50}},{"start":{"line":214,"column":53},"end":{"line":214,"column":57}}],"line":214},"18":{"loc":{"start":{"line":217,"column":8},"end":{"line":221,"column":9}},"type":"if","locations":[{"start":{"line":217,"column":8},"end":{"line":221,"column":9}},{"start":{},"end":{}}],"line":217},"19":{"loc":{"start":{"line":217,"column":12},"end":{"line":217,"column":57}},"type":"binary-expr","locations":[{"start":{"line":217,"column":12},"end":{"line":217,"column":32}},{"start":{"line":217,"column":36},"end":{"line":217,"column":57}}],"line":217},"20":{"loc":{"start":{"line":251,"column":8},"end":{"line":255,"column":9}},"type":"if","locations":[{"start":{"line":251,"column":8},"end":{"line":255,"column":9}},{"start":{"line":253,"column":15},"end":{"line":255,"column":9}}],"line":251},"21":{"loc":{"start":{"line":251,"column":12},"end":{"line":251,"column":33}},"type":"binary-expr","locations":[{"start":{"line":251,"column":12},"end":{"line":251,"column":22}},{"start":{"line":251,"column":26},"end":{"line":251,"column":33}}],"line":251},"22":{"loc":{"start":{"line":254,"column":18},"end":{"line":254,"column":34}},"type":"binary-expr","locations":[{"start":{"line":254,"column":18},"end":{"line":254,"column":24}},{"start":{"line":254,"column":28},"end":{"line":254,"column":34}}],"line":254}},"s":{"0":1,"1":1,"2":1,"3":1,"4":1,"5":1,"6":1,"7":1,"8":13,"9":13,"10":13,"11":13,"12":27,"13":27,"14":27,"15":13,"16":27,"17":27,"18":3,"19":24,"20":24,"21":4,"22":4,"23":20,"24":2,"25":2,"26":2,"27":2,"28":0,"29":2,"30":18,"31":1,"32":0,"33":0,"34":0,"35":0,"36":0,"37":0,"38":0,"39":0,"40":0,"41":0,"42":0,"43":0,"44":0,"45":0,"46":0,"47":0,"48":0,"49":0,"50":0,"51":0,"52":1,"53":1,"54":0,"55":0,"56":0,"57":0,"58":0,"59":0,"60":0,"61":0,"62":0,"63":0,"64":0,"65":0,"66":1,"67":0,"68":0,"69":1,"70":0,"71":0,"72":0,"73":0,"74":0,"75":0,"76":0,"77":0,"78":0,"79":0,"80":0,"81":0,"82":0,"83":0,"84":0,"85":0,"86":0,"87":0,"88":0,"89":0,"90":0,"91":0,"92":0,"93":0,"94":0,"95":0,"96":0,"97":0,"98":0,"99":0,"100":0,"101":0,"102":0,"103":0,"104":0,"105":0,"106":0,"107":0,"108":1},"f":{"0":13,"1":27,"2":2,"3":0,"4":1,"5":1,"6":1,"7":0,"8":0,"9":0,"10":0,"11":0,"12":0,"13":0,"14":0,"15":0,"16":0,"17":0,"18":0,"19":0,"20":0,"21":0,"22":0,"23":0},"b":{"0":[27,3],"1":[13,14],"2":[3,24],"3":[4,20],"4":[2,18],"5":[20,5],"6":[0,0],"7":[0,0,0],"8":[0,0],"9":[0,0],"10":[0,0],"11":[0,0],"12":[0,0],"13":[0,0],"14":[0,0],"15":[0,0],"16":[0,0],"17":[0,0],"18":[0,0],"19":[0,0],"20":[0,0],"21":[0,0],"22":[0,0]},"_coverageSchema":"1a1c01bbd47fc00a2c39e90264f33305004495a9","hash":"d8aabc1d36a6056087e55740b88cd58fe8af2756"}
,"/home/runner/work/lightinator-log-service/lightinator-log-service/src/discovery.js": {"path":"/home/runner/work/lightinator-log-service/lightinator-log-service/src/discovery.js","statementMap":{"0":{"start":{"line":25,"column":13},"end":{"line":25,"column":28}},"1":{"start":{"line":26,"column":14},"end":{"line":26,"column":30}},"2":{"start":{"line":27,"column":11},"end":{"line":27,"column":33}},"3":{"start":{"line":28,"column":13},"end":{"line":28,"column":28}},"4":{"start":{"line":30,"column":21},"end":{"line":30,"column":23}},"5":{"start":{"line":31,"column":27},"end":{"line":31,"column":31}},"6":{"start":{"line":34,"column":2},"end":{"line":60,"column":5}},"7":{"start":{"line":35,"column":16},"end":{"line":35,"column":20}},"8":{"start":{"line":36,"column":16},"end":{"line":57,"column":5}},"9":{"start":{"line":45,"column":8},"end":{"line":48,"column":9}},"10":{"start":{"line":46,"column":10},"end":{"line":46,"column":23}},"11":{"start":{"line":47,"column":10},"end":{"line":47,"column":81}},"12":{"start":{"line":49,"column":19},"end":{"line":49,"column":21}},"13":{"start":{"line":50,"column":8},"end":{"line":50,"column":32}},"14":{"start":{"line":51,"column":8},"end":{"line":51,"column":43}},"15":{"start":{"line":51,"column":31},"end":{"line":51,"column":40}},"16":{"start":{"line":52,"column":8},"end":{"line":55,"column":11}},"17":{"start":{"line":53,"column":10},"end":{"line":54,"column":96}},"18":{"start":{"line":53,"column":16},"end":{"line":53,"column":42}},"19":{"start":{"line":54,"column":22},"end":{"line":54,"column":94}},"20":{"start":{"line":58,"column":4},"end":{"line":58,"column":94}},"21":{"start":{"line":58,"column":30},"end":{"line":58,"column":44}},"22":{"start":{"line":58,"column":45},"end":{"line":58,"column":90}},"23":{"start":{"line":59,"column":4},"end":{"line":59,"column":28}},"24":{"start":{"line":78,"column":4},"end":{"line":78,"column":31}},"25":{"start":{"line":79,"column":4},"end":{"line":79,"column":41}},"26":{"start":{"line":80,"column":4},"end":{"line":80,"column":47}},"27":{"start":{"line":81,"column":4},"end":{"line":81,"column":31}},"28":{"start":{"line":82,"column":4},"end":{"line":82,"column":29}},"29":{"start":{"line":85,"column":4},"end":{"line":85,"column":33}},"30":{"start":{"line":88,"column":4},"end":{"line":88,"column":32}},"31":{"start":{"line":90,"column":4},"end":{"line":90,"column":23}},"32":{"start":{"line":95,"column":4},"end":{"line":98,"column":5}},"33":{"start":{"line":96,"column":6},"end":{"line":96,"column":30}},"34":{"start":{"line":97,"column":6},"end":{"line":97,"column":37}},"35":{"start":{"line":102,"column":4},"end":{"line":104,"column":7}},"36":{"start":{"line":103,"column":6},"end":{"line":103,"column":37}},"37":{"start":{"line":105,"column":4},"end":{"line":108,"column":5}},"38":{"start":{"line":106,"column":6},"end":{"line":106,"column":94}},"39":{"start":{"line":106,"column":38},"end":{"line":106,"column":68}},"40":{"start":{"line":107,"column":6},"end":{"line":107,"column":49}},"41":{"start":{"line":107,"column":29},"end":{"line":107,"column":49}},"42":{"start":{"line":112,"column":4},"end":{"line":112,"column":31}},"43":{"start":{"line":113,"column":4},"end":{"line":113,"column":23}},"44":{"start":{"line":117,"column":21},"end":{"line":117,"column":60}},"45":{"start":{"line":119,"column":20},"end":{"line":119,"column":24}},"46":{"start":{"line":120,"column":18},"end":{"line":120,"column":22}},"47":{"start":{"line":121,"column":21},"end":{"line":121,"column":25}},"48":{"start":{"line":123,"column":4},"end":{"line":134,"column":5}},"49":{"start":{"line":124,"column":6},"end":{"line":133,"column":7}},"50":{"start":{"line":125,"column":8},"end":{"line":128,"column":11}},"51":{"start":{"line":129,"column":8},"end":{"line":129,"column":26}},"52":{"start":{"line":130,"column":8},"end":{"line":130,"column":14}},"53":{"start":{"line":136,"column":4},"end":{"line":139,"column":5}},"54":{"start":{"line":137,"column":6},"end":{"line":137,"column":58}},"55":{"start":{"line":138,"column":6},"end":{"line":138,"column":13}},"56":{"start":{"line":142,"column":33},"end":{"line":142,"column":42}},"57":{"start":{"line":143,"column":4},"end":{"line":149,"column":5}},"58":{"start":{"line":144,"column":6},"end":{"line":148,"column":7}},"59":{"start":{"line":145,"column":20},"end":{"line":145,"column":31}},"60":{"start":{"line":146,"column":8},"end":{"line":146,"column":78}},"61":{"start":{"line":146,"column":44},"end":{"line":146,"column":78}},"62":{"start":{"line":147,"column":8},"end":{"line":147,"column":71}},"63":{"start":{"line":152,"column":23},"end":{"line":152,"column":32}},"64":{"start":{"line":153,"column":25},"end":{"line":153,"column":34}},"65":{"start":{"line":154,"column":4},"end":{"line":160,"column":5}},"66":{"start":{"line":155,"column":17},"end":{"line":155,"column":32}},"67":{"start":{"line":156,"column":6},"end":{"line":159,"column":7}},"68":{"start":{"line":157,"column":8},"end":{"line":157,"column":41}},"69":{"start":{"line":158,"column":8},"end":{"line":158,"column":37}},"70":{"start":{"line":162,"column":23},"end":{"line":162,"column":32}},"71":{"start":{"line":163,"column":4},"end":{"line":185,"column":5}},"72":{"start":{"line":164,"column":17},"end":{"line":164,"column":29}},"73":{"start":{"line":165,"column":6},"end":{"line":165,"column":24}},"74":{"start":{"line":165,"column":15},"end":{"line":165,"column":24}},"75":{"start":{"line":167,"column":21},"end":{"line":167,"column":39}},"76":{"start":{"line":168,"column":21},"end":{"line":168,"column":75}},"77":{"start":{"line":169,"column":19},"end":{"line":169,"column":53}},"78":{"start":{"line":170,"column":23},"end":{"line":170,"column":53}},"79":{"start":{"line":172,"column":6},"end":{"line":182,"column":9}},"80":{"start":{"line":183,"column":6},"end":{"line":183,"column":25}},"81":{"start":{"line":184,"column":6},"end":{"line":184,"column":33}},"82":{"start":{"line":188,"column":4},"end":{"line":192,"column":5}},"83":{"start":{"line":189,"column":6},"end":{"line":191,"column":7}},"84":{"start":{"line":190,"column":8},"end":{"line":190,"column":65}},"85":{"start":{"line":194,"column":4},"end":{"line":197,"column":6}},"86":{"start":{"line":202,"column":25},"end":{"line":202,"column":40}},"87":{"start":{"line":203,"column":4},"end":{"line":230,"column":5}},"88":{"start":{"line":204,"column":24},"end":{"line":213,"column":7}},"89":{"start":{"line":206,"column":10},"end":{"line":211,"column":11}},"90":{"start":{"line":207,"column":22},"end":{"line":207,"column":81}},"91":{"start":{"line":208,"column":12},"end":{"line":208,"column":98}},"92":{"start":{"line":208,"column":65},"end":{"line":208,"column":77}},"93":{"start":{"line":210,"column":12},"end":{"line":210,"column":39}},"94":{"start":{"line":215,"column":29},"end":{"line":215,"column":68}},"95":{"start":{"line":215,"column":51},"end":{"line":215,"column":67}},"96":{"start":{"line":216,"column":6},"end":{"line":224,"column":7}},"97":{"start":{"line":217,"column":8},"end":{"line":217,"column":39}},"98":{"start":{"line":217,"column":30},"end":{"line":217,"column":39}},"99":{"start":{"line":219,"column":24},"end":{"line":219,"column":81}},"100":{"start":{"line":219,"column":49},"end":{"line":219,"column":80}},"101":{"start":{"line":220,"column":8},"end":{"line":223,"column":9}},"102":{"start":{"line":221,"column":10},"end":{"line":221,"column":70}},"103":{"start":{"line":222,"column":10},"end":{"line":222,"column":81}},"104":{"start":{"line":222,"column":23},"end":{"line":222,"column":81}},"105":{"start":{"line":226,"column":25},"end":{"line":226,"column":88}},"106":{"start":{"line":226,"column":68},"end":{"line":226,"column":80}},"107":{"start":{"line":227,"column":6},"end":{"line":229,"column":7}},"108":{"start":{"line":228,"column":8},"end":{"line":228,"column":91}},"109":{"start":{"line":234,"column":4},"end":{"line":256,"column":6}},"110":{"start":{"line":236,"column":8},"end":{"line":254,"column":9}},"111":{"start":{"line":237,"column":30},"end":{"line":240,"column":12}},"112":{"start":{"line":238,"column":70},"end":{"line":238,"column":74}},"113":{"start":{"line":239,"column":72},"end":{"line":239,"column":76}},"114":{"start":{"line":241,"column":24},"end":{"line":241,"column":48}},"115":{"start":{"line":242,"column":10},"end":{"line":242,"column":29}},"116":{"start":{"line":242,"column":22},"end":{"line":242,"column":29}},"117":{"start":{"line":243,"column":26},"end":{"line":243,"column":28}},"118":{"start":{"line":244,"column":26},"end":{"line":244,"column":64}},"119":{"start":{"line":245,"column":10},"end":{"line":245,"column":65}},"120":{"start":{"line":245,"column":32},"end":{"line":245,"column":65}},"121":{"start":{"line":246,"column":10},"end":{"line":246,"column":74}},"122":{"start":{"line":246,"column":37},"end":{"line":246,"column":74}},"123":{"start":{"line":247,"column":10},"end":{"line":247,"column":78}},"124":{"start":{"line":247,"column":37},"end":{"line":247,"column":78}},"125":{"start":{"line":248,"column":10},"end":{"line":248,"column":80}},"126":{"start":{"line":248,"column":38},"end":{"line":248,"column":80}},"127":{"start":{"line":249,"column":10},"end":{"line":251,"column":11}},"128":{"start":{"line":250,"column":12},"end":{"line":250,"column":63}},"129":{"start":{"line":258,"column":4},"end":{"line":258,"column":28}},"130":{"start":{"line":260,"column":4},"end":{"line":260,"column":52}},"131":{"start":{"line":260,"column":23},"end":{"line":260,"column":52}},"132":{"start":{"line":264,"column":4},"end":{"line":264,"column":49}},"133":{"start":{"line":268,"column":4},"end":{"line":268,"column":32}},"134":{"start":{"line":268,"column":25},"end":{"line":268,"column":32}},"135":{"start":{"line":269,"column":4},"end":{"line":279,"column":5}},"136":{"start":{"line":270,"column":18},"end":{"line":270,"column":59}},"137":{"start":{"line":271,"column":18},"end":{"line":271,"column":33}},"138":{"start":{"line":272,"column":6},"end":{"line":275,"column":7}},"139":{"start":{"line":274,"column":8},"end":{"line":274,"column":71}},"140":{"start":{"line":276,"column":6},"end":{"line":276,"column":77}},"141":{"start":{"line":283,"column":4},"end":{"line":283,"column":32}},"142":{"start":{"line":283,"column":25},"end":{"line":283,"column":32}},"143":{"start":{"line":284,"column":4},"end":{"line":293,"column":5}},"144":{"start":{"line":285,"column":6},"end":{"line":285,"column":72}},"145":{"start":{"line":286,"column":6},"end":{"line":290,"column":8}},"146":{"start":{"line":292,"column":6},"end":{"line":292,"column":68}},"147":{"start":{"line":297,"column":14},"end":{"line":297,"column":38}},"148":{"start":{"line":298,"column":4},"end":{"line":298,"column":25}},"149":{"start":{"line":298,"column":12},"end":{"line":298,"column":25}},"150":{"start":{"line":299,"column":4},"end":{"line":299,"column":66}},"151":{"start":{"line":300,"column":4},"end":{"line":300,"column":16}},"152":{"start":{"line":305,"column":14},"end":{"line":305,"column":38}},"153":{"start":{"line":306,"column":4},"end":{"line":306,"column":24}},"154":{"start":{"line":306,"column":12},"end":{"line":306,"column":24}},"155":{"start":{"line":307,"column":4},"end":{"line":307,"column":38}},"156":{"start":{"line":312,"column":4},"end":{"line":312,"column":57}},"157":{"start":{"line":316,"column":0},"end":{"line":316,"column":41}}},"fnMap":{"0":{"name":"fetchJson","decl":{"start":{"line":33,"column":9},"end":{"line":33,"column":18}},"loc":{"start":{"line":33,"column":37},"end":{"line":61,"column":1}},"line":33},"1":{"name":"(anonymous_1)","decl":{"start":{"line":34,"column":21},"end":{"line":34,"column":22}},"loc":{"start":{"line":34,"column":42},"end":{"line":60,"column":3}},"line":34},"2":{"name":"(anonymous_2)","decl":{"start":{"line":44,"column":6},"end":{"line":44,"column":7}},"loc":{"start":{"line":44,"column":15},"end":{"line":56,"column":7}},"line":44},"3":{"name":"(anonymous_3)","decl":{"start":{"line":51,"column":23},"end":{"line":51,"column":24}},"loc":{"start":{"line":51,"column":31},"end":{"line":51,"column":40}},"line":51},"4":{"name":"(anonymous_4)","decl":{"start":{"line":52,"column":22},"end":{"line":52,"column":23}},"loc":{"start":{"line":52,"column":28},"end":{"line":55,"column":9}},"line":52},"5":{"name":"(anonymous_5)","decl":{"start":{"line":58,"column":22},"end":{"line":58,"column":23}},"loc":{"start":{"line":58,"column":28},"end":{"line":58,"column":92}},"line":58},"6":{"name":"(anonymous_6)","decl":{"start":{"line":71,"column":2},"end":{"line":71,"column":3}},"loc":{"start":{"line":77,"column":10},"end":{"line":91,"column":3}},"line":77},"7":{"name":"(anonymous_7)","decl":{"start":{"line":94,"column":2},"end":{"line":94,"column":3}},"loc":{"start":{"line":94,"column":16},"end":{"line":99,"column":3}},"line":94},"8":{"name":"(anonymous_8)","decl":{"start":{"line":97,"column":27},"end":{"line":97,"column":28}},"loc":{"start":{"line":97,"column":33},"end":{"line":97,"column":35}},"line":97},"9":{"name":"(anonymous_9)","decl":{"start":{"line":101,"column":2},"end":{"line":101,"column":3}},"loc":{"start":{"line":101,"column":10},"end":{"line":109,"column":3}},"line":101},"10":{"name":"(anonymous_10)","decl":{"start":{"line":102,"column":27},"end":{"line":102,"column":28}},"loc":{"start":{"line":102,"column":33},"end":{"line":104,"column":5}},"line":102},"11":{"name":"(anonymous_11)","decl":{"start":{"line":103,"column":27},"end":{"line":103,"column":28}},"loc":{"start":{"line":103,"column":33},"end":{"line":103,"column":35}},"line":103},"12":{"name":"(anonymous_12)","decl":{"start":{"line":106,"column":32},"end":{"line":106,"column":33}},"loc":{"start":{"line":106,"column":38},"end":{"line":106,"column":68}},"line":106},"13":{"name":"(anonymous_13)","decl":{"start":{"line":106,"column":59},"end":{"line":106,"column":60}},"loc":{"start":{"line":106,"column":65},"end":{"line":106,"column":67}},"line":106},"14":{"name":"(anonymous_14)","decl":{"start":{"line":111,"column":2},"end":{"line":111,"column":3}},"loc":{"start":{"line":111,"column":9},"end":{"line":114,"column":3}},"line":111},"15":{"name":"(anonymous_15)","decl":{"start":{"line":116,"column":2},"end":{"line":116,"column":3}},"loc":{"start":{"line":116,"column":18},"end":{"line":261,"column":3}},"line":116},"16":{"name":"(anonymous_16)","decl":{"start":{"line":205,"column":25},"end":{"line":205,"column":26}},"loc":{"start":{"line":205,"column":39},"end":{"line":212,"column":9}},"line":205},"17":{"name":"(anonymous_17)","decl":{"start":{"line":208,"column":60},"end":{"line":208,"column":61}},"loc":{"start":{"line":208,"column":65},"end":{"line":208,"column":77}},"line":208},"18":{"name":"(anonymous_18)","decl":{"start":{"line":215,"column":46},"end":{"line":215,"column":47}},"loc":{"start":{"line":215,"column":51},"end":{"line":215,"column":67}},"line":215},"19":{"name":"(anonymous_19)","decl":{"start":{"line":219,"column":44},"end":{"line":219,"column":45}},"loc":{"start":{"line":219,"column":49},"end":{"line":219,"column":80}},"line":219},"20":{"name":"(anonymous_20)","decl":{"start":{"line":226,"column":63},"end":{"line":226,"column":64}},"loc":{"start":{"line":226,"column":68},"end":{"line":226,"column":80}},"line":226},"21":{"name":"(anonymous_21)","decl":{"start":{"line":235,"column":23},"end":{"line":235,"column":24}},"loc":{"start":{"line":235,"column":37},"end":{"line":255,"column":7}},"line":235},"22":{"name":"(anonymous_22)","decl":{"start":{"line":238,"column":64},"end":{"line":238,"column":65}},"loc":{"start":{"line":238,"column":70},"end":{"line":238,"column":74}},"line":238},"23":{"name":"(anonymous_23)","decl":{"start":{"line":239,"column":66},"end":{"line":239,"column":67}},"loc":{"start":{"line":239,"column":72},"end":{"line":239,"column":76}},"line":239},"24":{"name":"(anonymous_24)","decl":{"start":{"line":263,"column":2},"end":{"line":263,"column":3}},"loc":{"start":{"line":263,"column":11},"end":{"line":265,"column":3}},"line":263},"25":{"name":"(anonymous_25)","decl":{"start":{"line":267,"column":2},"end":{"line":267,"column":3}},"loc":{"start":{"line":267,"column":21},"end":{"line":280,"column":3}},"line":267},"26":{"name":"(anonymous_26)","decl":{"start":{"line":282,"column":2},"end":{"line":282,"column":3}},"loc":{"start":{"line":282,"column":21},"end":{"line":294,"column":3}},"line":282},"27":{"name":"(anonymous_27)","decl":{"start":{"line":296,"column":2},"end":{"line":296,"column":3}},"loc":{"start":{"line":296,"column":26},"end":{"line":301,"column":3}},"line":296},"28":{"name":"(anonymous_28)","decl":{"start":{"line":304,"column":2},"end":{"line":304,"column":3}},"loc":{"start":{"line":304,"column":23},"end":{"line":308,"column":3}},"line":304},"29":{"name":"(anonymous_29)","decl":{"start":{"line":311,"column":2},"end":{"line":311,"column":3}},"loc":{"start":{"line":311,"column":21},"end":{"line":313,"column":3}},"line":311}},"branchMap":{"0":{"loc":{"start":{"line":45,"column":8},"end":{"line":48,"column":9}},"type":"if","locations":[{"start":{"line":45,"column":8},"end":{"line":48,"column":9}},{"start":{},"end":{}}],"line":45},"1":{"loc":{"start":{"line":45,"column":12},"end":{"line":45,"column":57}},"type":"binary-expr","locations":[{"start":{"line":45,"column":12},"end":{"line":45,"column":32}},{"start":{"line":45,"column":36},"end":{"line":45,"column":57}}],"line":45},"2":{"loc":{"start":{"line":71,"column":14},"end":{"line":77,"column":8}},"type":"default-arg","locations":[{"start":{"line":77,"column":6},"end":{"line":77,"column":8}}],"line":71},"3":{"loc":{"start":{"line":72,"column":4},"end":{"line":72,"column":37}},"type":"default-arg","locations":[{"start":{"line":72,"column":16},"end":{"line":72,"column":37}}],"line":72},"4":{"loc":{"start":{"line":73,"column":4},"end":{"line":73,"column":33}},"type":"default-arg","locations":[{"start":{"line":73,"column":21},"end":{"line":73,"column":33}}],"line":73},"5":{"loc":{"start":{"line":74,"column":4},"end":{"line":74,"column":31}},"type":"default-arg","locations":[{"start":{"line":74,"column":24},"end":{"line":74,"column":31}}],"line":74},"6":{"loc":{"start":{"line":75,"column":4},"end":{"line":75,"column":20}},"type":"default-arg","locations":[{"start":{"line":75,"column":16},"end":{"line":75,"column":20}}],"line":75},"7":{"loc":{"start":{"line":76,"column":4},"end":{"line":76,"column":19}},"type":"default-arg","locations":[{"start":{"line":76,"column":15},"end":{"line":76,"column":19}}],"line":76},"8":{"loc":{"start":{"line":95,"column":4},"end":{"line":98,"column":5}},"type":"if","locations":[{"start":{"line":95,"column":4},"end":{"line":98,"column":5}},{"start":{},"end":{}}],"line":95},"9":{"loc":{"start":{"line":95,"column":8},"end":{"line":95,"column":61}},"type":"binary-expr","locations":[{"start":{"line":95,"column":8},"end":{"line":95,"column":33}},{"start":{"line":95,"column":37},"end":{"line":95,"column":61}}],"line":95},"10":{"loc":{"start":{"line":105,"column":4},"end":{"line":108,"column":5}},"type":"if","locations":[{"start":{"line":105,"column":4},"end":{"line":108,"column":5}},{"start":{},"end":{}}],"line":105},"11":{"loc":{"start":{"line":107,"column":6},"end":{"line":107,"column":49}},"type":"if","locations":[{"start":{"line":107,"column":6},"end":{"line":107,"column":49}},{"start":{},"end":{}}],"line":107},"12":{"loc":{"start":{"line":136,"column":4},"end":{"line":139,"column":5}},"type":"if","locations":[{"start":{"line":136,"column":4},"end":{"line":139,"column":5}},{"start":{},"end":{}}],"line":136},"13":{"loc":{"start":{"line":136,"column":8},"end":{"line":136,"column":30}},"type":"binary-expr","locations":[{"start":{"line":136,"column":8},"end":{"line":136,"column":18}},{"start":{"line":136,"column":22},"end":{"line":136,"column":30}}],"line":136},"14":{"loc":{"start":{"line":143,"column":20},"end":{"line":143,"column":40}},"type":"binary-expr","locations":[{"start":{"line":143,"column":20},"end":{"line":143,"column":34}},{"start":{"line":143,"column":38},"end":{"line":143,"column":40}}],"line":143},"15":{"loc":{"start":{"line":144,"column":24},"end":{"line":144,"column":46}},"type":"binary-expr","locations":[{"start":{"line":144,"column":24},"end":{"line":144,"column":40}},{"start":{"line":144,"column":44},"end":{"line":144,"column":46}}],"line":144},"16":{"loc":{"start":{"line":146,"column":8},"end":{"line":146,"column":78}},"type":"if","locations":[{"start":{"line":146,"column":8},"end":{"line":146,"column":78}},{"start":{},"end":{}}],"line":146},"17":{"loc":{"start":{"line":154,"column":20},"end":{"line":154,"column":45}},"type":"binary-expr","locations":[{"start":{"line":154,"column":20},"end":{"line":154,"column":39}},{"start":{"line":154,"column":43},"end":{"line":154,"column":45}}],"line":154},"18":{"loc":{"start":{"line":156,"column":6},"end":{"line":159,"column":7}},"type":"if","locations":[{"start":{"line":156,"column":6},"end":{"line":159,"column":7}},{"start":{},"end":{}}],"line":156},"19":{"loc":{"start":{"line":163,"column":20},"end":{"line":163,"column":41}},"type":"binary-expr","locations":[{"start":{"line":163,"column":20},"end":{"line":163,"column":35}},{"start":{"line":163,"column":39},"end":{"line":163,"column":41}}],"line":163},"20":{"loc":{"start":{"line":165,"column":6},"end":{"line":165,"column":24}},"type":"if","locations":[{"start":{"line":165,"column":6},"end":{"line":165,"column":24}},{"start":{},"end":{}}],"line":165},"21":{"loc":{"start":{"line":168,"column":21},"end":{"line":168,"column":75}},"type":"cond-expr","locations":[{"start":{"line":168,"column":31},"end":{"line":168,"column":69}},{"start":{"line":168,"column":73},"end":{"line":168,"column":75}}],"line":168},"22":{"loc":{"start":{"line":168,"column":31},"end":{"line":168,"column":69}},"type":"binary-expr","locations":[{"start":{"line":168,"column":31},"end":{"line":168,"column":63}},{"start":{"line":168,"column":67},"end":{"line":168,"column":69}}],"line":168},"23":{"loc":{"start":{"line":169,"column":19},"end":{"line":169,"column":53}},"type":"binary-expr","locations":[{"start":{"line":169,"column":19},"end":{"line":169,"column":39}},{"start":{"line":169,"column":43},"end":{"line":169,"column":53}}],"line":169},"24":{"loc":{"start":{"line":170,"column":23},"end":{"line":170,"column":53}},"type":"binary-expr","locations":[{"start":{"line":170,"column":23},"end":{"line":170,"column":47}},{"start":{"line":170,"column":51},"end":{"line":170,"column":53}}],"line":170},"25":{"loc":{"start":{"line":178,"column":24},"end":{"line":178,"column":94}},"type":"cond-expr","locations":[{"start":{"line":178,"column":64},"end":{"line":178,"column":87}},{"start":{"line":178,"column":90},"end":{"line":178,"column":94}}],"line":178},"26":{"loc":{"start":{"line":189,"column":6},"end":{"line":191,"column":7}},"type":"if","locations":[{"start":{"line":189,"column":6},"end":{"line":191,"column":7}},{"start":{},"end":{}}],"line":189},"27":{"loc":{"start":{"line":203,"column":4},"end":{"line":230,"column":5}},"type":"if","locations":[{"start":{"line":203,"column":4},"end":{"line":230,"column":5}},{"start":{},"end":{}}],"line":203},"28":{"loc":{"start":{"line":208,"column":41},"end":{"line":208,"column":54}},"type":"binary-expr","locations":[{"start":{"line":208,"column":41},"end":{"line":208,"column":48}},{"start":{"line":208,"column":52},"end":{"line":208,"column":54}}],"line":208},"29":{"loc":{"start":{"line":217,"column":8},"end":{"line":217,"column":39}},"type":"if","locations":[{"start":{"line":217,"column":8},"end":{"line":217,"column":39}},{"start":{},"end":{}}],"line":217},"30":{"loc":{"start":{"line":219,"column":49},"end":{"line":219,"column":80}},"type":"binary-expr","locations":[{"start":{"line":219,"column":49},"end":{"line":219,"column":60}},{"start":{"line":219,"column":64},"end":{"line":219,"column":80}}],"line":219},"31":{"loc":{"start":{"line":220,"column":8},"end":{"line":223,"column":9}},"type":"if","locations":[{"start":{"line":220,"column":8},"end":{"line":223,"column":9}},{"start":{},"end":{}}],"line":220},"32":{"loc":{"start":{"line":222,"column":10},"end":{"line":222,"column":81}},"type":"if","locations":[{"start":{"line":222,"column":10},"end":{"line":222,"column":81}},{"start":{},"end":{}}],"line":222},"33":{"loc":{"start":{"line":227,"column":6},"end":{"line":229,"column":7}},"type":"if","locations":[{"start":{"line":227,"column":6},"end":{"line":229,"column":7}},{"start":{},"end":{}}],"line":227},"34":{"loc":{"start":{"line":242,"column":10},"end":{"line":242,"column":29}},"type":"if","locations":[{"start":{"line":242,"column":10},"end":{"line":242,"column":29}},{"start":{},"end":{}}],"line":242},"35":{"loc":{"start":{"line":244,"column":26},"end":{"line":244,"column":64}},"type":"binary-expr","locations":[{"start":{"line":244,"column":26},"end":{"line":244,"column":56}},{"start":{"line":244,"column":60},"end":{"line":244,"column":64}}],"line":244},"36":{"loc":{"start":{"line":245,"column":10},"end":{"line":245,"column":65}},"type":"if","locations":[{"start":{"line":245,"column":10},"end":{"line":245,"column":65}},{"start":{},"end":{}}],"line":245},"37":{"loc":{"start":{"line":246,"column":10},"end":{"line":246,"column":74}},"type":"if","locations":[{"start":{"line":246,"column":10},"end":{"line":246,"column":74}},{"start":{},"end":{}}],"line":246},"38":{"loc":{"start":{"line":247,"column":10},"end":{"line":247,"column":78}},"type":"if","locations":[{"start":{"line":247,"column":10},"end":{"line":247,"column":78}},{"start":{},"end":{}}],"line":247},"39":{"loc":{"start":{"line":248,"column":10},"end":{"line":248,"column":80}},"type":"if","locations":[{"start":{"line":248,"column":10},"end":{"line":248,"column":80}},{"start":{},"end":{}}],"line":248},"40":{"loc":{"start":{"line":249,"column":10},"end":{"line":251,"column":11}},"type":"if","locations":[{"start":{"line":249,"column":10},"end":{"line":251,"column":11}},{"start":{},"end":{}}],"line":249},"41":{"loc":{"start":{"line":260,"column":4},"end":{"line":260,"column":52}},"type":"if","locations":[{"start":{"line":260,"column":4},"end":{"line":260,"column":52}},{"start":{},"end":{}}],"line":260},"42":{"loc":{"start":{"line":268,"column":4},"end":{"line":268,"column":32}},"type":"if","locations":[{"start":{"line":268,"column":4},"end":{"line":268,"column":32}},{"start":{},"end":{}}],"line":268},"43":{"loc":{"start":{"line":283,"column":4},"end":{"line":283,"column":32}},"type":"if","locations":[{"start":{"line":283,"column":4},"end":{"line":283,"column":32}},{"start":{},"end":{}}],"line":283},"44":{"loc":{"start":{"line":298,"column":4},"end":{"line":298,"column":25}},"type":"if","locations":[{"start":{"line":298,"column":4},"end":{"line":298,"column":25}},{"start":{},"end":{}}],"line":298},"45":{"loc":{"start":{"line":306,"column":4},"end":{"line":306,"column":24}},"type":"if","locations":[{"start":{"line":306,"column":4},"end":{"line":306,"column":24}},{"start":{},"end":{}}],"line":306},"46":{"loc":{"start":{"line":312,"column":11},"end":{"line":312,"column":56}},"type":"binary-expr","locations":[{"start":{"line":312,"column":11},"end":{"line":312,"column":50}},{"start":{"line":312,"column":54},"end":{"line":312,"column":56}}],"line":312},"47":{"loc":{"start":{"line":312,"column":12},"end":{"line":312,"column":42}},"type":"binary-expr","locations":[{"start":{"line":312,"column":12},"end":{"line":312,"column":36}},{"start":{"line":312,"column":40},"end":{"line":312,"column":42}}],"line":312}},"s":{"0":2,"1":2,"2":2,"3":2,"4":2,"5":2,"6":2,"7":2,"8":2,"9":0,"10":0,"11":0,"12":0,"13":0,"14":0,"15":0,"16":0,"17":0,"18":0,"19":0,"20":2,"21":0,"22":0,"23":2,"24":38,"25":38,"26":38,"27":38,"28":38,"29":38,"30":38,"31":38,"32":3,"33":1,"34":1,"35":0,"36":0,"37":0,"38":0,"39":0,"40":0,"41":0,"42":21,"43":21,"44":1,"45":1,"46":1,"47":1,"48":1,"49":1,"50":1,"51":0,"52":0,"53":0,"54":0,"55":0,"56":0,"57":0,"58":0,"59":0,"60":0,"61":0,"62":0,"63":0,"64":0,"65":0,"66":0,"67":0,"68":0,"69":0,"70":0,"71":0,"72":0,"73":0,"74":0,"75":0,"76":0,"77":0,"78":0,"79":0,"80":0,"81":0,"82":0,"83":0,"84":0,"85":0,"86":0,"87":0,"88":0,"89":0,"90":0,"91":0,"92":0,"93":0,"94":0,"95":0,"96":0,"97":0,"98":0,"99":0,"100":0,"101":0,"102":0,"103":0,"104":0,"105":0,"106":0,"107":0,"108":0,"109":0,"110":0,"111":0,"112":0,"113":0,"114":0,"115":0,"116":0,"117":0,"118":0,"119":0,"120":0,"121":0,"122":0,"123":0,"124":0,"125":0,"126":0,"127":0,"128":0,"129":0,"130":0,"131":0,"132":3,"133":3,"134":1,"135":2,"136":2,"137":1,"138":1,"139":1,"140":1,"141":2,"142":1,"143":1,"144":1,"145":1,"146":0,"147":6,"148":6,"149":2,"150":4,"151":4,"152":4,"153":4,"154":1,"155":3,"156":2,"157":2},"f":{"0":2,"1":2,"2":0,"3":0,"4":0,"5":0,"6":38,"7":3,"8":0,"9":0,"10":0,"11":0,"12":0,"13":0,"14":21,"15":1,"16":0,"17":0,"18":0,"19":0,"20":0,"21":0,"22":0,"23":0,"24":3,"25":3,"26":2,"27":6,"28":4,"29":2},"b":{"0":[0,0],"1":[0,0],"2":[0],"3":[0],"4":[23],"5":[0],"6":[16],"7":[38],"8":[1,2],"9":[3,2],"10":[0,0],"11":[0,0],"12":[0,0],"13":[0,0],"14":[0,0],"15":[0,0],"16":[0,0],"17":[0,0],"18":[0,0],"19":[0,0],"20":[0,0],"21":[0,0],"22":[0,0],"23":[0,0],"24":[0,0],"25":[0,0],"26":[0,0],"27":[0,0],"28":[0,0],"29":[0,0],"30":[0,0],"31":[0,0],"32":[0,0],"33":[0,0],"34":[0,0],"35":[0,0],"36":[0,0],"37":[0,0],"38":[0,0],"39":[0,0],"40":[0,0],"41":[0,0],"42":[1,2],"43":[1,1],"44":[2,4],"45":[1,3],"46":[2,1],"47":[2,1]},"_coverageSchema":"1a1c01bbd47fc00a2c39e90264f33305004495a9","hash":"41c5f399af2443f1842824afba253c30583188d3"}
,"/home/runner/work/lightinator-log-service/lightinator-log-service/src/loki.js": {"path":"/home/runner/work/lightinator-log-service/lightinator-log-service/src/loki.js","statementMap":{"0":{"start":{"line":1,"column":11},"end":{"line":1,"column":33}},"1":{"start":{"line":2,"column":13},"end":{"line":2,"column":28}},"2":{"start":{"line":3,"column":14},"end":{"line":3,"column":30}},"3":{"start":{"line":5,"column":13},"end":{"line":5,"column":23}},"4":{"start":{"line":7,"column":23},"end":{"line":19,"column":1}},"5":{"start":{"line":23,"column":4},"end":{"line":23,"column":33}},"6":{"start":{"line":24,"column":4},"end":{"line":24,"column":40}},"7":{"start":{"line":25,"column":4},"end":{"line":25,"column":22}},"8":{"start":{"line":26,"column":4},"end":{"line":26,"column":23}},"9":{"start":{"line":27,"column":4},"end":{"line":27,"column":26}},"10":{"start":{"line":28,"column":4},"end":{"line":28,"column":87}},"11":{"start":{"line":32,"column":4},"end":{"line":32,"column":31}},"12":{"start":{"line":36,"column":4},"end":{"line":36,"column":66}},"13":{"start":{"line":39,"column":4},"end":{"line":48,"column":5}},"14":{"start":{"line":40,"column":18},"end":{"line":40,"column":60}},"15":{"start":{"line":41,"column":21},"end":{"line":41,"column":36}},"16":{"start":{"line":42,"column":6},"end":{"line":42,"column":53}},"17":{"start":{"line":43,"column":6},"end":{"line":43,"column":98}},"18":{"start":{"line":45,"column":6},"end":{"line":47,"column":7}},"19":{"start":{"line":46,"column":8},"end":{"line":46,"column":66}},"20":{"start":{"line":49,"column":4},"end":{"line":49,"column":25}},"21":{"start":{"line":53,"column":20},"end":{"line":53,"column":57}},"22":{"start":{"line":54,"column":4},"end":{"line":58,"column":5}},"23":{"start":{"line":56,"column":6},"end":{"line":56,"column":69}},"24":{"start":{"line":56,"column":60},"end":{"line":56,"column":69}},"25":{"start":{"line":57,"column":6},"end":{"line":57,"column":35}},"26":{"start":{"line":59,"column":4},"end":{"line":59,"column":26}},"27":{"start":{"line":60,"column":4},"end":{"line":60,"column":86}},"28":{"start":{"line":61,"column":4},"end":{"line":61,"column":25}},"29":{"start":{"line":62,"column":4},"end":{"line":62,"column":95}},"30":{"start":{"line":66,"column":4},"end":{"line":69,"column":6}},"31":{"start":{"line":73,"column":4},"end":{"line":73,"column":31}},"32":{"start":{"line":74,"column":4},"end":{"line":74,"column":23}},"33":{"start":{"line":75,"column":4},"end":{"line":75,"column":84}},"34":{"start":{"line":75,"column":30},"end":{"line":75,"column":84}},"35":{"start":{"line":76,"column":4},"end":{"line":76,"column":75}},"36":{"start":{"line":76,"column":68},"end":{"line":76,"column":75}},"37":{"start":{"line":77,"column":4},"end":{"line":79,"column":36}},"38":{"start":{"line":78,"column":6},"end":{"line":78,"column":36}},"39":{"start":{"line":80,"column":4},"end":{"line":80,"column":47}},"40":{"start":{"line":80,"column":27},"end":{"line":80,"column":47}},"41":{"start":{"line":84,"column":4},"end":{"line":84,"column":37}},"42":{"start":{"line":84,"column":30},"end":{"line":84,"column":37}},"43":{"start":{"line":85,"column":4},"end":{"line":85,"column":30}},"44":{"start":{"line":86,"column":4},"end":{"line":88,"column":5}},"45":{"start":{"line":87,"column":6},"end":{"line":87,"column":36}},"46":{"start":{"line":92,"column":4},"end":{"line":92,"column":83}},"47":{"start":{"line":92,"column":76},"end":{"line":92,"column":83}},"48":{"start":{"line":93,"column":18},"end":{"line":93,"column":40}},"49":{"start":{"line":94,"column":4},"end":{"line":94,"column":25}},"50":{"start":{"line":95,"column":4},"end":{"line":103,"column":5}},"51":{"start":{"line":96,"column":6},"end":{"line":96,"column":30}},"52":{"start":{"line":97,"column":6},"end":{"line":97,"column":143}},"53":{"start":{"line":99,"column":6},"end":{"line":99,"column":88}},"54":{"start":{"line":100,"column":6},"end":{"line":100,"column":81}},"55":{"start":{"line":102,"column":6},"end":{"line":102,"column":28}},"56":{"start":{"line":107,"column":19},"end":{"line":107,"column":52}},"57":{"start":{"line":108,"column":26},"end":{"line":108,"column":73}},"58":{"start":{"line":109,"column":22},"end":{"line":109,"column":47}},"59":{"start":{"line":110,"column":24},"end":{"line":110,"column":84}},"60":{"start":{"line":111,"column":29},"end":{"line":111,"column":55}},"61":{"start":{"line":112,"column":4},"end":{"line":112,"column":62}},"62":{"start":{"line":116,"column":20},"end":{"line":116,"column":29}},"63":{"start":{"line":117,"column":4},"end":{"line":129,"column":5}},"64":{"start":{"line":118,"column":24},"end":{"line":123,"column":7}},"65":{"start":{"line":124,"column":18},"end":{"line":124,"column":43}},"66":{"start":{"line":125,"column":6},"end":{"line":125,"column":81}},"67":{"start":{"line":125,"column":29},"end":{"line":125,"column":81}},"68":{"start":{"line":127,"column":19},"end":{"line":127,"column":94}},"69":{"start":{"line":128,"column":6},"end":{"line":128,"column":69}},"70":{"start":{"line":130,"column":4},"end":{"line":130,"column":53}},"71":{"start":{"line":134,"column":4},"end":{"line":185,"column":7}},"72":{"start":{"line":136,"column":6},"end":{"line":140,"column":7}},"73":{"start":{"line":137,"column":8},"end":{"line":137,"column":43}},"74":{"start":{"line":139,"column":8},"end":{"line":139,"column":73}},"75":{"start":{"line":142,"column":22},"end":{"line":142,"column":65}},"76":{"start":{"line":143,"column":22},"end":{"line":143,"column":51}},"77":{"start":{"line":144,"column":18},"end":{"line":144,"column":40}},"78":{"start":{"line":146,"column":22},"end":{"line":149,"column":7}},"79":{"start":{"line":150,"column":6},"end":{"line":153,"column":7}},"80":{"start":{"line":151,"column":8},"end":{"line":152,"column":103}},"81":{"start":{"line":155,"column":18},"end":{"line":176,"column":7}},"82":{"start":{"line":165,"column":25},"end":{"line":165,"column":27}},"83":{"start":{"line":166,"column":10},"end":{"line":166,"column":56}},"84":{"start":{"line":166,"column":36},"end":{"line":166,"column":54}},"85":{"start":{"line":167,"column":10},"end":{"line":174,"column":13}},"86":{"start":{"line":168,"column":25},"end":{"line":168,"column":70}},"87":{"start":{"line":169,"column":12},"end":{"line":173,"column":13}},"88":{"start":{"line":170,"column":14},"end":{"line":170,"column":98}},"89":{"start":{"line":172,"column":14},"end":{"line":172,"column":24}},"90":{"start":{"line":178,"column":6},"end":{"line":181,"column":9}},"91":{"start":{"line":179,"column":8},"end":{"line":179,"column":22}},"92":{"start":{"line":180,"column":8},"end":{"line":180,"column":47}},"93":{"start":{"line":182,"column":6},"end":{"line":182,"column":30}},"94":{"start":{"line":183,"column":6},"end":{"line":183,"column":25}},"95":{"start":{"line":184,"column":6},"end":{"line":184,"column":16}},"96":{"start":{"line":189,"column":24},"end":{"line":189,"column":35}},"97":{"start":{"line":190,"column":4},"end":{"line":190,"column":76}},"98":{"start":{"line":190,"column":24},"end":{"line":190,"column":76}},"99":{"start":{"line":191,"column":4},"end":{"line":207,"column":5}},"100":{"start":{"line":192,"column":6},"end":{"line":204,"column":7}},"101":{"start":{"line":206,"column":6},"end":{"line":206,"column":52}},"102":{"start":{"line":206,"column":26},"end":{"line":206,"column":52}},"103":{"start":{"line":211,"column":4},"end":{"line":211,"column":31}},"104":{"start":{"line":212,"column":4},"end":{"line":212,"column":23}},"105":{"start":{"line":216,"column":0},"end":{"line":216,"column":35}}},"fnMap":{"0":{"name":"(anonymous_0)","decl":{"start":{"line":22,"column":2},"end":{"line":22,"column":3}},"loc":{"start":{"line":22,"column":30},"end":{"line":29,"column":3}},"line":22},"1":{"name":"(anonymous_1)","decl":{"start":{"line":31,"column":2},"end":{"line":31,"column":3}},"loc":{"start":{"line":31,"column":14},"end":{"line":33,"column":3}},"line":31},"2":{"name":"(anonymous_2)","decl":{"start":{"line":35,"column":2},"end":{"line":35,"column":3}},"loc":{"start":{"line":35,"column":14},"end":{"line":37,"column":3}},"line":35},"3":{"name":"(anonymous_3)","decl":{"start":{"line":38,"column":2},"end":{"line":38,"column":3}},"loc":{"start":{"line":38,"column":21},"end":{"line":50,"column":3}},"line":38},"4":{"name":"(anonymous_4)","decl":{"start":{"line":52,"column":2},"end":{"line":52,"column":3}},"loc":{"start":{"line":52,"column":29},"end":{"line":63,"column":3}},"line":52},"5":{"name":"(anonymous_5)","decl":{"start":{"line":65,"column":2},"end":{"line":65,"column":3}},"loc":{"start":{"line":65,"column":14},"end":{"line":70,"column":3}},"line":65},"6":{"name":"(anonymous_6)","decl":{"start":{"line":72,"column":2},"end":{"line":72,"column":3}},"loc":{"start":{"line":72,"column":18},"end":{"line":81,"column":3}},"line":72},"7":{"name":"(anonymous_7)","decl":{"start":{"line":77,"column":30},"end":{"line":77,"column":31}},"loc":{"start":{"line":77,"column":36},"end":{"line":79,"column":5}},"line":77},"8":{"name":"(anonymous_8)","decl":{"start":{"line":78,"column":26},"end":{"line":78,"column":27}},"loc":{"start":{"line":78,"column":32},"end":{"line":78,"column":34}},"line":78},"9":{"name":"(anonymous_9)","decl":{"start":{"line":83,"column":2},"end":{"line":83,"column":3}},"loc":{"start":{"line":83,"column":18},"end":{"line":89,"column":3}},"line":83},"10":{"name":"(anonymous_10)","decl":{"start":{"line":87,"column":26},"end":{"line":87,"column":27}},"loc":{"start":{"line":87,"column":32},"end":{"line":87,"column":34}},"line":87},"11":{"name":"(anonymous_11)","decl":{"start":{"line":91,"column":2},"end":{"line":91,"column":3}},"loc":{"start":{"line":91,"column":17},"end":{"line":104,"column":3}},"line":91},"12":{"name":"(anonymous_12)","decl":{"start":{"line":106,"column":2},"end":{"line":106,"column":3}},"loc":{"start":{"line":106,"column":27},"end":{"line":113,"column":3}},"line":106},"13":{"name":"(anonymous_13)","decl":{"start":{"line":115,"column":2},"end":{"line":115,"column":3}},"loc":{"start":{"line":115,"column":25},"end":{"line":131,"column":3}},"line":115},"14":{"name":"(anonymous_14)","decl":{"start":{"line":133,"column":2},"end":{"line":133,"column":3}},"loc":{"start":{"line":133,"column":17},"end":{"line":186,"column":3}},"line":133},"15":{"name":"(anonymous_15)","decl":{"start":{"line":134,"column":23},"end":{"line":134,"column":24}},"loc":{"start":{"line":134,"column":44},"end":{"line":185,"column":5}},"line":134},"16":{"name":"(anonymous_16)","decl":{"start":{"line":164,"column":8},"end":{"line":164,"column":9}},"loc":{"start":{"line":164,"column":17},"end":{"line":175,"column":9}},"line":164},"17":{"name":"(anonymous_17)","decl":{"start":{"line":166,"column":25},"end":{"line":166,"column":26}},"loc":{"start":{"line":166,"column":36},"end":{"line":166,"column":54}},"line":166},"18":{"name":"(anonymous_18)","decl":{"start":{"line":167,"column":24},"end":{"line":167,"column":25}},"loc":{"start":{"line":167,"column":30},"end":{"line":174,"column":11}},"line":167},"19":{"name":"(anonymous_19)","decl":{"start":{"line":178,"column":24},"end":{"line":178,"column":25}},"loc":{"start":{"line":178,"column":30},"end":{"line":181,"column":7}},"line":178},"20":{"name":"(anonymous_20)","decl":{"start":{"line":188,"column":2},"end":{"line":188,"column":3}},"loc":{"start":{"line":188,"column":46},"end":{"line":208,"column":3}},"line":188},"21":{"name":"(anonymous_21)","decl":{"start":{"line":210,"column":2},"end":{"line":210,"column":3}},"loc":{"start":{"line":210,"column":9},"end":{"line":213,"column":3}},"line":210}},"branchMap":{"0":{"loc":{"start":{"line":45,"column":6},"end":{"line":47,"column":7}},"type":"if","locations":[{"start":{"line":45,"column":6},"end":{"line":47,"column":7}},{"start":{},"end":{}}],"line":45},"1":{"loc":{"start":{"line":56,"column":6},"end":{"line":56,"column":69}},"type":"if","locations":[{"start":{"line":56,"column":6},"end":{"line":56,"column":69}},{"start":{},"end":{}}],"line":56},"2":{"loc":{"start":{"line":56,"column":10},"end":{"line":56,"column":58}},"type":"binary-expr","locations":[{"start":{"line":56,"column":10},"end":{"line":56,"column":28}},{"start":{"line":56,"column":32},"end":{"line":56,"column":58}}],"line":56},"3":{"loc":{"start":{"line":68,"column":16},"end":{"line":68,"column":48}},"type":"cond-expr","locations":[{"start":{"line":68,"column":39},"end":{"line":68,"column":43}},{"start":{"line":68,"column":46},"end":{"line":68,"column":48}}],"line":68},"4":{"loc":{"start":{"line":75,"column":4},"end":{"line":75,"column":84}},"type":"if","locations":[{"start":{"line":75,"column":4},"end":{"line":75,"column":84}},{"start":{},"end":{}}],"line":75},"5":{"loc":{"start":{"line":76,"column":4},"end":{"line":76,"column":75}},"type":"if","locations":[{"start":{"line":76,"column":4},"end":{"line":76,"column":75}},{"start":{},"end":{}}],"line":76},"6":{"loc":{"start":{"line":76,"column":8},"end":{"line":76,"column":66}},"type":"binary-expr","locations":[{"start":{"line":76,"column":8},"end":{"line":76,"column":28}},{"start":{"line":76,"column":32},"end":{"line":76,"column":66}}],"line":76},"7":{"loc":{"start":{"line":80,"column":4},"end":{"line":80,"column":47}},"type":"if","locations":[{"start":{"line":80,"column":4},"end":{"line":80,"column":47}},{"start":{},"end":{}}],"line":80},"8":{"loc":{"start":{"line":84,"column":4},"end":{"line":84,"column":37}},"type":"if","locations":[{"start":{"line":84,"column":4},"end":{"line":84,"column":37}},{"start":{},"end":{}}],"line":84},"9":{"loc":{"start":{"line":86,"column":4},"end":{"line":88,"column":5}},"type":"if","locations":[{"start":{"line":86,"column":4},"end":{"line":88,"column":5}},{"start":{},"end":{}}],"line":86},"10":{"loc":{"start":{"line":86,"column":32},"end":{"line":86,"column":60}},"type":"binary-expr","locations":[{"start":{"line":86,"column":32},"end":{"line":86,"column":53}},{"start":{"line":86,"column":57},"end":{"line":86,"column":60}}],"line":86},"11":{"loc":{"start":{"line":92,"column":4},"end":{"line":92,"column":83}},"type":"if","locations":[{"start":{"line":92,"column":4},"end":{"line":92,"column":83}},{"start":{},"end":{}}],"line":92},"12":{"loc":{"start":{"line":92,"column":8},"end":{"line":92,"column":74}},"type":"binary-expr","locations":[{"start":{"line":92,"column":8},"end":{"line":92,"column":28}},{"start":{"line":92,"column":32},"end":{"line":92,"column":57}},{"start":{"line":92,"column":61},"end":{"line":92,"column":74}}],"line":92},"13":{"loc":{"start":{"line":97,"column":100},"end":{"line":97,"column":124}},"type":"binary-expr","locations":[{"start":{"line":97,"column":100},"end":{"line":97,"column":119}},{"start":{"line":97,"column":123},"end":{"line":97,"column":124}}],"line":97},"14":{"loc":{"start":{"line":107,"column":25},"end":{"line":107,"column":49}},"type":"binary-expr","locations":[{"start":{"line":107,"column":25},"end":{"line":107,"column":43}},{"start":{"line":107,"column":47},"end":{"line":107,"column":49}}],"line":107},"15":{"loc":{"start":{"line":108,"column":26},"end":{"line":108,"column":73}},"type":"binary-expr","locations":[{"start":{"line":108,"column":26},"end":{"line":108,"column":67}},{"start":{"line":108,"column":71},"end":{"line":108,"column":73}}],"line":108},"16":{"loc":{"start":{"line":108,"column":27},"end":{"line":108,"column":56}},"type":"binary-expr","locations":[{"start":{"line":108,"column":27},"end":{"line":108,"column":50}},{"start":{"line":108,"column":54},"end":{"line":108,"column":56}}],"line":108},"17":{"loc":{"start":{"line":109,"column":22},"end":{"line":109,"column":47}},"type":"binary-expr","locations":[{"start":{"line":109,"column":22},"end":{"line":109,"column":41}},{"start":{"line":109,"column":45},"end":{"line":109,"column":47}}],"line":109},"18":{"loc":{"start":{"line":110,"column":24},"end":{"line":110,"column":84}},"type":"cond-expr","locations":[{"start":{"line":110,"column":36},"end":{"line":110,"column":79}},{"start":{"line":110,"column":82},"end":{"line":110,"column":84}}],"line":110},"19":{"loc":{"start":{"line":110,"column":36},"end":{"line":110,"column":79}},"type":"binary-expr","locations":[{"start":{"line":110,"column":36},"end":{"line":110,"column":73}},{"start":{"line":110,"column":77},"end":{"line":110,"column":79}}],"line":110},"20":{"loc":{"start":{"line":110,"column":37},"end":{"line":110,"column":61}},"type":"binary-expr","locations":[{"start":{"line":110,"column":37},"end":{"line":110,"column":55}},{"start":{"line":110,"column":59},"end":{"line":110,"column":61}}],"line":110},"21":{"loc":{"start":{"line":111,"column":29},"end":{"line":111,"column":55}},"type":"binary-expr","locations":[{"start":{"line":111,"column":29},"end":{"line":111,"column":49}},{"start":{"line":111,"column":53},"end":{"line":111,"column":55}}],"line":111},"22":{"loc":{"start":{"line":119,"column":31},"end":{"line":119,"column":54}},"type":"binary-expr","locations":[{"start":{"line":119,"column":31},"end":{"line":119,"column":41}},{"start":{"line":119,"column":45},"end":{"line":119,"column":54}}],"line":119},"23":{"loc":{"start":{"line":120,"column":14},"end":{"line":120,"column":46}},"type":"binary-expr","locations":[{"start":{"line":120,"column":14},"end":{"line":120,"column":19}},{"start":{"line":120,"column":23},"end":{"line":120,"column":33}},{"start":{"line":120,"column":37},"end":{"line":120,"column":46}}],"line":120},"24":{"loc":{"start":{"line":121,"column":19},"end":{"line":121,"column":42}},"type":"binary-expr","locations":[{"start":{"line":121,"column":19},"end":{"line":121,"column":29}},{"start":{"line":121,"column":33},"end":{"line":121,"column":42}}],"line":121},"25":{"loc":{"start":{"line":122,"column":13},"end":{"line":122,"column":31}},"type":"binary-expr","locations":[{"start":{"line":122,"column":13},"end":{"line":122,"column":18}},{"start":{"line":122,"column":22},"end":{"line":122,"column":31}}],"line":122},"26":{"loc":{"start":{"line":125,"column":6},"end":{"line":125,"column":81}},"type":"if","locations":[{"start":{"line":125,"column":6},"end":{"line":125,"column":81}},{"start":{},"end":{}}],"line":125},"27":{"loc":{"start":{"line":127,"column":42},"end":{"line":127,"column":68}},"type":"binary-expr","locations":[{"start":{"line":127,"column":42},"end":{"line":127,"column":54}},{"start":{"line":127,"column":58},"end":{"line":127,"column":68}}],"line":127},"28":{"loc":{"start":{"line":128,"column":42},"end":{"line":128,"column":66}},"type":"binary-expr","locations":[{"start":{"line":128,"column":42},"end":{"line":128,"column":51}},{"start":{"line":128,"column":55},"end":{"line":128,"column":60}},{"start":{"line":128,"column":64},"end":{"line":128,"column":66}}],"line":128},"29":{"loc":{"start":{"line":144,"column":18},"end":{"line":144,"column":40}},"type":"cond-expr","locations":[{"start":{"line":144,"column":28},"end":{"line":144,"column":33}},{"start":{"line":144,"column":36},"end":{"line":144,"column":40}}],"line":144},"30":{"loc":{"start":{"line":150,"column":6},"end":{"line":153,"column":7}},"type":"if","locations":[{"start":{"line":150,"column":6},"end":{"line":153,"column":7}},{"start":{},"end":{}}],"line":150},"31":{"loc":{"start":{"line":150,"column":10},"end":{"line":150,"column":54}},"type":"binary-expr","locations":[{"start":{"line":150,"column":10},"end":{"line":150,"column":30}},{"start":{"line":150,"column":34},"end":{"line":150,"column":54}}],"line":150},"32":{"loc":{"start":{"line":158,"column":16},"end":{"line":158,"column":52}},"type":"binary-expr","locations":[{"start":{"line":158,"column":16},"end":{"line":158,"column":28}},{"start":{"line":158,"column":33},"end":{"line":158,"column":51}}],"line":158},"33":{"loc":{"start":{"line":158,"column":33},"end":{"line":158,"column":51}},"type":"cond-expr","locations":[{"start":{"line":158,"column":43},"end":{"line":158,"column":46}},{"start":{"line":158,"column":49},"end":{"line":158,"column":51}}],"line":158},"34":{"loc":{"start":{"line":169,"column":12},"end":{"line":173,"column":13}},"type":"if","locations":[{"start":{"line":169,"column":12},"end":{"line":173,"column":13}},{"start":{"line":171,"column":19},"end":{"line":173,"column":13}}],"line":169},"35":{"loc":{"start":{"line":170,"column":70},"end":{"line":170,"column":93}},"type":"cond-expr","locations":[{"start":{"line":170,"column":77},"end":{"line":170,"column":88}},{"start":{"line":170,"column":91},"end":{"line":170,"column":93}}],"line":170},"36":{"loc":{"start":{"line":188,"column":23},"end":{"line":188,"column":44}},"type":"default-arg","locations":[{"start":{"line":188,"column":40},"end":{"line":188,"column":44}}],"line":188},"37":{"loc":{"start":{"line":190,"column":4},"end":{"line":190,"column":76}},"type":"if","locations":[{"start":{"line":190,"column":4},"end":{"line":190,"column":76}},{"start":{},"end":{}}],"line":190},"38":{"loc":{"start":{"line":206,"column":6},"end":{"line":206,"column":52}},"type":"if","locations":[{"start":{"line":206,"column":6},"end":{"line":206,"column":52}},{"start":{},"end":{}}],"line":206}},"s":{"0":2,"1":2,"2":2,"3":2,"4":2,"5":37,"6":37,"7":37,"8":37,"9":37,"10":37,"11":2,"12":0,"13":35,"14":35,"15":2,"16":2,"17":2,"18":33,"19":0,"20":35,"21":6,"22":6,"23":15,"24":1,"25":14,"26":6,"27":6,"28":6,"29":6,"30":6,"31":42,"32":42,"33":42,"34":38,"35":42,"36":38,"37":4,"38":0,"39":4,"40":4,"41":2,"42":1,"43":1,"44":1,"45":0,"46":0,"47":0,"48":0,"49":0,"50":0,"51":0,"52":0,"53":0,"54":0,"55":0,"56":9,"57":9,"58":9,"59":9,"60":9,"61":9,"62":4,"63":4,"64":6,"65":6,"66":6,"67":5,"68":6,"69":6,"70":4,"71":0,"72":0,"73":0,"74":0,"75":0,"76":0,"77":0,"78":0,"79":0,"80":0,"81":0,"82":0,"83":0,"84":0,"85":0,"86":0,"87":0,"88":0,"89":0,"90":0,"91":0,"92":0,"93":0,"94":0,"95":0,"96":0,"97":0,"98":0,"99":0,"100":0,"101":0,"102":0,"103":20,"104":20,"105":2},"f":{"0":37,"1":2,"2":0,"3":35,"4":6,"5":6,"6":42,"7":0,"8":0,"9":2,"10":0,"11":0,"12":9,"13":4,"14":0,"15":0,"16":0,"17":0,"18":0,"19":0,"20":0,"21":20},"b":{"0":[0,33],"1":[1,14],"2":[15,5],"3":[1,5],"4":[38,4],"5":[38,4],"6":[42,4],"7":[4,0],"8":[1,1],"9":[0,1],"10":[1,0],"11":[0,0],"12":[0,0,0],"13":[0,0],"14":[9,0],"15":[9,7],"16":[9,0],"17":[9,8],"18":[1,8],"19":[1,0],"20":[1,0],"21":[9,7],"22":[6,0],"23":[6,0,0],"24":[6,0],"25":[6,0],"26":[5,1],"27":[6,0],"28":[6,1,0],"29":[0,0],"30":[0,0],"31":[0,0],"32":[0,0],"33":[0,0],"34":[0,0],"35":[0,0],"36":[0],"37":[0,0],"38":[0,0]},"_coverageSchema":"1a1c01bbd47fc00a2c39e90264f33305004495a9","hash":"bb460dc05e5fad11b69aad387fba43b4ab3440f5"}
,"/home/runner/work/lightinator-log-service/lightinator-log-service/src/mdns.js": {"path":"/home/runner/work/lightinator-log-service/lightinator-log-service/src/mdns.js","statementMap":{"0":{"start":{"line":1,"column":20},"end":{"line":1,"column":46}},"1":{"start":{"line":4,"column":18},"end":{"line":4,"column":31}},"2":{"start":{"line":6,"column":22},"end":{"line":18,"column":4}},"3":{"start":{"line":20,"column":21},"end":{"line":30,"column":4}},"4":{"start":{"line":32,"column":2},"end":{"line":57,"column":4}},"5":{"start":{"line":49,"column":6},"end":{"line":55,"column":7}},"6":{"start":{"line":50,"column":8},"end":{"line":50,"column":27}},"7":{"start":{"line":51,"column":8},"end":{"line":51,"column":26}},"8":{"start":{"line":52,"column":8},"end":{"line":52,"column":26}},"9":{"start":{"line":60,"column":0},"end":{"line":60,"column":35}}},"fnMap":{"0":{"name":"advertiseMdns","decl":{"start":{"line":3,"column":9},"end":{"line":3,"column":22}},"loc":{"start":{"line":3,"column":69},"end":{"line":58,"column":1}},"line":3},"1":{"name":"(anonymous_1)","decl":{"start":{"line":48,"column":10},"end":{"line":48,"column":11}},"loc":{"start":{"line":48,"column":16},"end":{"line":56,"column":5}},"line":48}},"branchMap":{},"s":{"0":0,"1":0,"2":0,"3":0,"4":0,"5":0,"6":0,"7":0,"8":0,"9":0},"f":{"0":0,"1":0},"b":{}}
,"/home/runner/work/lightinator-log-service/lightinator-log-service/src/serviceConfig.js": {"path":"/home/runner/work/lightinator-log-service/lightinator-log-service/src/serviceConfig.js","statementMap":{"0":{"start":{"line":11,"column":11},"end":{"line":11,"column":33}},"1":{"start":{"line":12,"column":13},"end":{"line":12,"column":28}},"2":{"start":{"line":15,"column":24},"end":{"line":73,"column":1}},"3":{"start":{"line":79,"column":2},"end":{"line":94,"column":3}},"4":{"start":{"line":80,"column":16},"end":{"line":80,"column":50}},"5":{"start":{"line":81,"column":19},"end":{"line":81,"column":21}},"6":{"start":{"line":82,"column":4},"end":{"line":90,"column":5}},"7":{"start":{"line":83,"column":22},"end":{"line":83,"column":33}},"8":{"start":{"line":84,"column":6},"end":{"line":84,"column":56}},"9":{"start":{"line":84,"column":47},"end":{"line":84,"column":56}},"10":{"start":{"line":85,"column":17},"end":{"line":85,"column":37}},"11":{"start":{"line":86,"column":6},"end":{"line":86,"column":27}},"12":{"start":{"line":86,"column":18},"end":{"line":86,"column":27}},"13":{"start":{"line":87,"column":18},"end":{"line":87,"column":45}},"14":{"start":{"line":88,"column":18},"end":{"line":88,"column":46}},"15":{"start":{"line":89,"column":6},"end":{"line":89,"column":24}},"16":{"start":{"line":91,"column":4},"end":{"line":91,"column":18}},"17":{"start":{"line":93,"column":4},"end":{"line":93,"column":14}},"18":{"start":{"line":102,"column":2},"end":{"line":102,"column":61}},"19":{"start":{"line":103,"column":16},"end":{"line":108,"column":3}},"20":{"start":{"line":109,"column":2},"end":{"line":118,"column":3}},"21":{"start":{"line":110,"column":16},"end":{"line":110,"column":29}},"22":{"start":{"line":111,"column":4},"end":{"line":111,"column":49}},"23":{"start":{"line":112,"column":4},"end":{"line":116,"column":5}},"24":{"start":{"line":113,"column":6},"end":{"line":113,"column":36}},"25":{"start":{"line":115,"column":6},"end":{"line":115,"column":31}},"26":{"start":{"line":117,"column":4},"end":{"line":117,"column":19}},"27":{"start":{"line":119,"column":2},"end":{"line":119,"column":56}},"28":{"start":{"line":122,"column":0},"end":{"line":122,"column":70}}},"fnMap":{"0":{"name":"readServiceEnv","decl":{"start":{"line":78,"column":15},"end":{"line":78,"column":29}},"loc":{"start":{"line":78,"column":39},"end":{"line":95,"column":1}},"line":78},"1":{"name":"writeServiceEnv","decl":{"start":{"line":101,"column":15},"end":{"line":101,"column":30}},"loc":{"start":{"line":101,"column":48},"end":{"line":120,"column":1}},"line":101}},"branchMap":{"0":{"loc":{"start":{"line":84,"column":6},"end":{"line":84,"column":56}},"type":"if","locations":[{"start":{"line":84,"column":6},"end":{"line":84,"column":56}},{"start":{},"end":{}}],"line":84},"1":{"loc":{"start":{"line":84,"column":10},"end":{"line":84,"column":45}},"type":"binary-expr","locations":[{"start":{"line":84,"column":10},"end":{"line":84,"column":18}},{"start":{"line":84,"column":22},"end":{"line":84,"column":45}}],"line":84},"2":{"loc":{"start":{"line":86,"column":6},"end":{"line":86,"column":27}},"type":"if","locations":[{"start":{"line":86,"column":6},"end":{"line":86,"column":27}},{"start":{},"end":{}}],"line":86},"3":{"loc":{"start":{"line":112,"column":4},"end":{"line":116,"column":5}},"type":"if","locations":[{"start":{"line":112,"column":4},"end":{"line":116,"column":5}},{"start":{"line":114,"column":11},"end":{"line":116,"column":5}}],"line":112},"4":{"loc":{"start":{"line":112,"column":8},"end":{"line":112,"column":39}},"type":"binary-expr","locations":[{"start":{"line":112,"column":8},"end":{"line":112,"column":25}},{"start":{"line":112,"column":29},"end":{"line":112,"column":39}}],"line":112}},"s":{"0":2,"1":2,"2":2,"3":11,"4":11,"5":9,"6":9,"7":77,"8":77,"9":64,"10":13,"11":13,"12":2,"13":11,"14":11,"15":11,"16":9,"17":2,"18":7,"19":7,"20":7,"21":56,"22":56,"23":56,"24":4,"25":52,"26":56,"27":7,"28":2},"f":{"0":11,"1":7},"b":{"0":[64,13],"1":[77,49],"2":[2,11],"3":[4,52],"4":[56,5]},"_coverageSchema":"1a1c01bbd47fc00a2c39e90264f33305004495a9","hash":"c39f03b393e4ab48369337f69a36e38aa0823c7d"}
,"/home/runner/work/lightinator-log-service/lightinator-log-service/src/storage.js": {"path":"/home/runner/work/lightinator-log-service/lightinator-log-service/src/storage.js","statementMap":{"0":{"start":{"line":1,"column":11},"end":{"line":1,"column":33}},"1":{"start":{"line":2,"column":13},"end":{"line":2,"column":28}},"2":{"start":{"line":5,"column":2},"end":{"line":5,"column":64}},"3":{"start":{"line":10,"column":4},"end":{"line":10,"column":27}},"4":{"start":{"line":11,"column":4},"end":{"line":11,"column":39}},"5":{"start":{"line":12,"column":4},"end":{"line":12,"column":32}},"6":{"start":{"line":16,"column":4},"end":{"line":16,"column":54}},"7":{"start":{"line":17,"column":18},"end":{"line":17,"column":48}},"8":{"start":{"line":18,"column":4},"end":{"line":29,"column":5}},"9":{"start":{"line":19,"column":6},"end":{"line":19,"column":46}},"10":{"start":{"line":19,"column":37},"end":{"line":19,"column":46}},"11":{"start":{"line":20,"column":23},"end":{"line":20,"column":71}},"12":{"start":{"line":21,"column":23},"end":{"line":21,"column":52}},"13":{"start":{"line":22,"column":20},"end":{"line":22,"column":43}},"14":{"start":{"line":23,"column":6},"end":{"line":28,"column":9}},"15":{"start":{"line":33,"column":4},"end":{"line":33,"column":53}},"16":{"start":{"line":37,"column":21},"end":{"line":37,"column":43}},"17":{"start":{"line":38,"column":17},"end":{"line":38,"column":46}},"18":{"start":{"line":39,"column":4},"end":{"line":39,"column":48}},"19":{"start":{"line":40,"column":4},"end":{"line":40,"column":42}},"20":{"start":{"line":42,"column":18},"end":{"line":42,"column":41}},"21":{"start":{"line":43,"column":4},"end":{"line":48,"column":7}},"22":{"start":{"line":52,"column":18},"end":{"line":52,"column":41}},"23":{"start":{"line":53,"column":4},"end":{"line":53,"column":49}},"24":{"start":{"line":53,"column":42},"end":{"line":53,"column":49}},"25":{"start":{"line":55,"column":19},"end":{"line":55,"column":47}},"26":{"start":{"line":56,"column":4},"end":{"line":70,"column":5}},"27":{"start":{"line":57,"column":21},"end":{"line":57,"column":39}},"28":{"start":{"line":58,"column":20},"end":{"line":58,"column":52}},"29":{"start":{"line":59,"column":18},"end":{"line":59,"column":50}},"30":{"start":{"line":60,"column":6},"end":{"line":60,"column":51}},"31":{"start":{"line":62,"column":20},"end":{"line":62,"column":40}},"32":{"start":{"line":63,"column":27},"end":{"line":63,"column":48}},"33":{"start":{"line":64,"column":6},"end":{"line":66,"column":7}},"34":{"start":{"line":65,"column":8},"end":{"line":65,"column":50}},"35":{"start":{"line":67,"column":6},"end":{"line":67,"column":52}},"36":{"start":{"line":69,"column":6},"end":{"line":69,"column":27}},"37":{"start":{"line":74,"column":4},"end":{"line":78,"column":7}},"38":{"start":{"line":75,"column":6},"end":{"line":75,"column":32}},"39":{"start":{"line":75,"column":23},"end":{"line":75,"column":32}},"40":{"start":{"line":76,"column":6},"end":{"line":76,"column":33}},"41":{"start":{"line":76,"column":23},"end":{"line":76,"column":33}},"42":{"start":{"line":77,"column":6},"end":{"line":77,"column":50}},"43":{"start":{"line":82,"column":21},"end":{"line":82,"column":43}},"44":{"start":{"line":85,"column":4},"end":{"line":92,"column":5}},"45":{"start":{"line":86,"column":6},"end":{"line":86,"column":52}},"46":{"start":{"line":88,"column":6},"end":{"line":90,"column":7}},"47":{"start":{"line":89,"column":8},"end":{"line":89,"column":65}},"48":{"start":{"line":91,"column":6},"end":{"line":91,"column":16}},"49":{"start":{"line":94,"column":18},"end":{"line":97,"column":22}},"50":{"start":{"line":96,"column":21},"end":{"line":96,"column":32}},"51":{"start":{"line":99,"column":18},"end":{"line":99,"column":30}},"52":{"start":{"line":100,"column":23},"end":{"line":100,"column":68}},"53":{"start":{"line":101,"column":22},"end":{"line":101,"column":84}},"54":{"start":{"line":103,"column":16},"end":{"line":103,"column":47}},"55":{"start":{"line":104,"column":18},"end":{"line":104,"column":46}},"56":{"start":{"line":105,"column":17},"end":{"line":105,"column":72}},"57":{"start":{"line":105,"column":55},"end":{"line":105,"column":71}},"58":{"start":{"line":107,"column":25},"end":{"line":107,"column":34}},"59":{"start":{"line":108,"column":4},"end":{"line":113,"column":6}},"60":{"start":{"line":117,"column":21},"end":{"line":117,"column":43}},"61":{"start":{"line":118,"column":4},"end":{"line":118,"column":43}},"62":{"start":{"line":119,"column":4},"end":{"line":119,"column":31}},"63":{"start":{"line":123,"column":18},"end":{"line":123,"column":48}},"64":{"start":{"line":124,"column":4},"end":{"line":128,"column":6}},"65":{"start":{"line":126,"column":26},"end":{"line":126,"column":50}},"66":{"start":{"line":127,"column":23},"end":{"line":127,"column":76}},"67":{"start":{"line":129,"column":4},"end":{"line":129,"column":28}},"68":{"start":{"line":133,"column":0},"end":{"line":133,"column":32}}},"fnMap":{"0":{"name":"ipToFileName","decl":{"start":{"line":4,"column":9},"end":{"line":4,"column":21}},"loc":{"start":{"line":4,"column":26},"end":{"line":6,"column":1}},"line":4},"1":{"name":"(anonymous_1)","decl":{"start":{"line":9,"column":2},"end":{"line":9,"column":3}},"loc":{"start":{"line":9,"column":42},"end":{"line":13,"column":3}},"line":9},"2":{"name":"(anonymous_2)","decl":{"start":{"line":15,"column":2},"end":{"line":15,"column":3}},"loc":{"start":{"line":15,"column":15},"end":{"line":30,"column":3}},"line":15},"3":{"name":"(anonymous_3)","decl":{"start":{"line":32,"column":2},"end":{"line":32,"column":3}},"loc":{"start":{"line":32,"column":20},"end":{"line":34,"column":3}},"line":32},"4":{"name":"(anonymous_4)","decl":{"start":{"line":36,"column":2},"end":{"line":36,"column":3}},"loc":{"start":{"line":36,"column":27},"end":{"line":49,"column":3}},"line":36},"5":{"name":"(anonymous_5)","decl":{"start":{"line":51,"column":2},"end":{"line":51,"column":3}},"loc":{"start":{"line":51,"column":35},"end":{"line":71,"column":3}},"line":51},"6":{"name":"(anonymous_6)","decl":{"start":{"line":73,"column":2},"end":{"line":73,"column":3}},"loc":{"start":{"line":73,"column":16},"end":{"line":79,"column":3}},"line":73},"7":{"name":"(anonymous_7)","decl":{"start":{"line":74,"column":53},"end":{"line":74,"column":54}},"loc":{"start":{"line":74,"column":63},"end":{"line":78,"column":5}},"line":74},"8":{"name":"(anonymous_8)","decl":{"start":{"line":81,"column":2},"end":{"line":81,"column":3}},"loc":{"start":{"line":81,"column":49},"end":{"line":114,"column":3}},"line":81},"9":{"name":"(anonymous_9)","decl":{"start":{"line":96,"column":11},"end":{"line":96,"column":12}},"loc":{"start":{"line":96,"column":21},"end":{"line":96,"column":32}},"line":96},"10":{"name":"(anonymous_10)","decl":{"start":{"line":105,"column":45},"end":{"line":105,"column":46}},"loc":{"start":{"line":105,"column":55},"end":{"line":105,"column":71}},"line":105},"11":{"name":"(anonymous_11)","decl":{"start":{"line":116,"column":2},"end":{"line":116,"column":3}},"loc":{"start":{"line":116,"column":20},"end":{"line":120,"column":3}},"line":116},"12":{"name":"(anonymous_12)","decl":{"start":{"line":122,"column":2},"end":{"line":122,"column":3}},"loc":{"start":{"line":122,"column":19},"end":{"line":130,"column":3}},"line":122},"13":{"name":"(anonymous_13)","decl":{"start":{"line":126,"column":16},"end":{"line":126,"column":17}},"loc":{"start":{"line":126,"column":26},"end":{"line":126,"column":50}},"line":126},"14":{"name":"(anonymous_14)","decl":{"start":{"line":127,"column":13},"end":{"line":127,"column":14}},"loc":{"start":{"line":127,"column":23},"end":{"line":127,"column":76}},"line":127}},"branchMap":{"0":{"loc":{"start":{"line":19,"column":6},"end":{"line":19,"column":46}},"type":"if","locations":[{"start":{"line":19,"column":6},"end":{"line":19,"column":46}},{"start":{},"end":{}}],"line":19},"1":{"loc":{"start":{"line":53,"column":4},"end":{"line":53,"column":49}},"type":"if","locations":[{"start":{"line":53,"column":4},"end":{"line":53,"column":49}},{"start":{},"end":{}}],"line":53},"2":{"loc":{"start":{"line":64,"column":6},"end":{"line":66,"column":7}},"type":"if","locations":[{"start":{"line":64,"column":6},"end":{"line":66,"column":7}},{"start":{},"end":{}}],"line":64},"3":{"loc":{"start":{"line":75,"column":6},"end":{"line":75,"column":32}},"type":"if","locations":[{"start":{"line":75,"column":6},"end":{"line":75,"column":32}},{"start":{},"end":{}}],"line":75},"4":{"loc":{"start":{"line":76,"column":6},"end":{"line":76,"column":33}},"type":"if","locations":[{"start":{"line":76,"column":6},"end":{"line":76,"column":33}},{"start":{},"end":{}}],"line":76},"5":{"loc":{"start":{"line":81,"column":22},"end":{"line":81,"column":33}},"type":"default-arg","locations":[{"start":{"line":81,"column":30},"end":{"line":81,"column":33}}],"line":81},"6":{"loc":{"start":{"line":81,"column":35},"end":{"line":81,"column":45}},"type":"default-arg","locations":[{"start":{"line":81,"column":44},"end":{"line":81,"column":45}}],"line":81},"7":{"loc":{"start":{"line":88,"column":6},"end":{"line":90,"column":7}},"type":"if","locations":[{"start":{"line":88,"column":6},"end":{"line":90,"column":7}},{"start":{},"end":{}}],"line":88},"8":{"loc":{"start":{"line":100,"column":35},"end":{"line":100,"column":67}},"type":"binary-expr","locations":[{"start":{"line":100,"column":35},"end":{"line":100,"column":62}},{"start":{"line":100,"column":66},"end":{"line":100,"column":67}}],"line":100},"9":{"loc":{"start":{"line":101,"column":49},"end":{"line":101,"column":82}},"type":"binary-expr","locations":[{"start":{"line":101,"column":49},"end":{"line":101,"column":75}},{"start":{"line":101,"column":79},"end":{"line":101,"column":82}}],"line":101},"10":{"loc":{"start":{"line":112,"column":18},"end":{"line":112,"column":64}},"type":"cond-expr","locations":[{"start":{"line":112,"column":33},"end":{"line":112,"column":57}},{"start":{"line":112,"column":60},"end":{"line":112,"column":64}}],"line":112}},"s":{"0":2,"1":2,"2":112,"3":37,"4":37,"5":37,"6":37,"7":37,"8":37,"9":2,"10":1,"11":1,"12":1,"13":1,"14":1,"15":112,"16":93,"17":93,"18":93,"19":93,"20":93,"21":93,"22":94,"23":94,"24":78,"25":16,"26":16,"27":16,"28":16,"29":16,"30":16,"31":16,"32":16,"33":16,"34":16,"35":16,"36":16,"37":9,"38":1,"39":0,"40":1,"41":0,"42":1,"43":12,"44":12,"45":12,"46":2,"47":2,"48":0,"49":10,"50":82,"51":10,"52":10,"53":10,"54":10,"55":10,"56":10,"57":44,"58":10,"59":10,"60":3,"61":3,"62":3,"63":2,"64":2,"65":3,"66":3,"67":2,"68":2},"f":{"0":112,"1":37,"2":37,"3":112,"4":93,"5":94,"6":9,"7":1,"8":12,"9":82,"10":44,"11":3,"12":2,"13":3,"14":3},"b":{"0":[1,1],"1":[78,16],"2":[16,0],"3":[0,1],"4":[0,1],"5":[6],"6":[9],"7":[2,0],"8":[10,9],"9":[10,0],"10":[3,7]},"_coverageSchema":"1a1c01bbd47fc00a2c39e90264f33305004495a9","hash":"1719b7bc36a0471a31a070d376392383b8c42df2"}
,"/home/runner/work/lightinator-log-service/lightinator-log-service/src/syslogParser.js": {"path":"/home/runner/work/lightinator-log-service/lightinator-log-service/src/syslogParser.js","statementMap":{"0":{"start":{"line":3,"column":18},"end":{"line":3,"column":96}},"1":{"start":{"line":6,"column":15},"end":{"line":6,"column":43}},"2":{"start":{"line":7,"column":21},"end":{"line":7,"column":45}},"3":{"start":{"line":9,"column":16},"end":{"line":9,"column":37}},"4":{"start":{"line":10,"column":2},"end":{"line":23,"column":3}},"5":{"start":{"line":11,"column":4},"end":{"line":22,"column":6}},"6":{"start":{"line":25,"column":2},"end":{"line":36,"column":4}},"7":{"start":{"line":39,"column":0},"end":{"line":39,"column":37}}},"fnMap":{"0":{"name":"parseSyslogLine","decl":{"start":{"line":5,"column":9},"end":{"line":5,"column":24}},"loc":{"start":{"line":5,"column":44},"end":{"line":37,"column":1}},"line":5}},"branchMap":{"0":{"loc":{"start":{"line":6,"column":22},"end":{"line":6,"column":35}},"type":"binary-expr","locations":[{"start":{"line":6,"column":22},"end":{"line":6,"column":29}},{"start":{"line":6,"column":33},"end":{"line":6,"column":35}}],"line":6},"1":{"loc":{"start":{"line":10,"column":2},"end":{"line":23,"column":3}},"type":"if","locations":[{"start":{"line":10,"column":2},"end":{"line":23,"column":3}},{"start":{},"end":{}}],"line":10},"2":{"loc":{"start":{"line":32,"column":16},"end":{"line":32,"column":71}},"type":"cond-expr","locations":[{"start":{"line":32,"column":35},"end":{"line":32,"column":64}},{"start":{"line":32,"column":67},"end":{"line":32,"column":71}}],"line":32},"3":{"loc":{"start":{"line":33,"column":15},"end":{"line":33,"column":75}},"type":"cond-expr","locations":[{"start":{"line":33,"column":34},"end":{"line":33,"column":63}},{"start":{"line":33,"column":66},"end":{"line":33,"column":75}}],"line":33},"4":{"loc":{"start":{"line":34,"column":13},"end":{"line":34,"column":27}},"type":"binary-expr","locations":[{"start":{"line":34,"column":13},"end":{"line":34,"column":21}},{"start":{"line":34,"column":25},"end":{"line":34,"column":27}}],"line":34}},"s":{"0":1,"1":21,"2":21,"3":21,"4":21,"5":5,"6":16,"7":1},"f":{"0":21},"b":{"0":[21,3],"1":[5,16],"2":[2,14],"3":[2,14],"4":[16,1]},"_coverageSchema":"1a1c01bbd47fc00a2c39e90264f33305004495a9","hash":"a55a2a1fde43a9d99a47746aa80ff11f98920f4a"}
}
