TN:
SF:src/config.js
FN:3,envInt
FN:23,(anonymous_1)
FNF:2
FNH:2
FNDA:114,envInt
FNDA:23,(anonymous_1)
DA:1,19
DA:4,114
DA:5,114
DA:6,5
DA:7,5
DA:10,19
DA:23,23
DA:40,19
LF:8
LH:8
BRDA:5,0,0,109
BRDA:5,0,1,5
BRDA:7,1,0,4
BRDA:7,1,1,1
BRDA:11,2,0,19
BRDA:11,2,1,18
BRDA:13,3,0,19
BRDA:13,3,1,19
BRDA:15,4,0,19
BRDA:15,4,1,19
BRDA:18,5,0,19
BRDA:18,5,1,18
BRDA:19,6,0,19
BRDA:19,6,1,19
BRDA:20,7,0,19
BRDA:20,7,1,19
BRDA:21,8,0,19
BRDA:21,8,1,19
BRDA:23,9,0,19
BRDA:23,9,1,17
BRDA:27,10,0,19
BRDA:27,10,1,19
BRDA:29,11,0,19
BRDA:29,11,1,19
BRDA:33,12,0,19
BRDA:33,12,1,18
BRDA:35,13,0,19
BRDA:35,13,1,19
BRDA:37,14,0,19
BRDA:37,14,1,19
BRF:30
BRH:30
end_of_record
TN:
SF:src/crashDecoder.js
FN:69,(anonymous_0)
FN:83,(anonymous_1)
FN:106,(anonymous_2)
FN:107,(anonymous_3)
FN:119,(anonymous_4)
FN:166,(anonymous_5)
FN:167,(anonymous_6)
FN:176,(anonymous_7)
FN:183,(anonymous_8)
FN:184,(anonymous_9)
FN:198,(anonymous_10)
FN:199,(anonymous_11)
FN:203,(anonymous_12)
FN:213,(anonymous_13)
FN:216,(anonymous_14)
FN:219,(anonymous_15)
FN:223,(anonymous_16)
FN:225,(anonymous_17)
FN:225,(anonymous_18)
FN:231,(anonymous_19)
FN:232,(anonymous_20)
FN:246,(anonymous_21)
FN:247,(anonymous_22)
FN:250,(anonymous_23)
FNF:24
FNH:6
FNDA:13,(anonymous_0)
FNDA:27,(anonymous_1)
FNDA:2,(anonymous_2)
FNDA:0,(anonymous_3)
FNDA:1,(anonymous_4)
FNDA:1,(anonymous_5)
FNDA:1,(anonymous_6)
FNDA:0,(anonymous_7)
FNDA:0,(anonymous_8)
FNDA:0,(anonymous_9)
FNDA:0,(anonymous_10)
FNDA:0,(anonymous_11)
FNDA:0,(anonymous_12)
FNDA:0,(anonymous_13)
FNDA:0,(anonymous_14)
FNDA:0,(anonymous_15)
FNDA:0,(anonymous_16)
FNDA:0,(anonymous_17)
FNDA:0,(anonymous_18)
FNDA:0,(anonymous_19)
FNDA:0,(anonymous_20)
FNDA:0,(anonymous_21)
FNDA:0,(anonymous_22)
FNDA:0,(anonymous_23)
DA:27,1
DA:28,1
DA:29,1
DA:30,1
DA:31,1
DA:32,1
DA:35,1
DA:39,1
DA:70,13
DA:71,13
DA:72,13
DA:75,13
DA:84,27
DA:85,27
DA:88,27
DA:89,13
DA:92,27
DA:93,27
DA:95,24
DA:97,24
DA:98,4
DA:99,4
DA:103,20
DA:104,2
DA:105,2
DA:106,2
DA:107,2
DA:108,0
DA:111,2
DA:114,18
DA:120,1
DA:121,0
DA:122,0
DA:123,0
DA:126,0
DA:127,0
DA:128,0
DA:130,0
DA:131,0
DA:132,0
DA:136,0
DA:137,0
DA:138,0
DA:140,0
DA:141,0
DA:146,0
DA:147,0
DA:149,0
DA:150,0
DA:152,0
DA:153,0
DA:167,1
DA:168,1
DA:177,0
DA:178,0
DA:179,0
DA:181,0
DA:182,0
DA:183,0
DA:184,0
DA:185,0
DA:186,0
DA:187,0
DA:193,0
DA:198,1
DA:199,1
DA:204,0
DA:207,0
DA:208,0
DA:209,0
DA:212,0
DA:213,0
DA:214,0
DA:215,0
DA:216,0
DA:217,0
DA:218,0
DA:219,0
DA:220,0
DA:222,0
DA:223,0
DA:224,0
DA:225,0
DA:228,0
DA:232,0
DA:233,0
DA:239,0
DA:244,0
DA:245,0
DA:246,0
DA:247,0
DA:249,0
DA:250,0
DA:251,0
DA:252,0
DA:254,0
DA:259,0
DA:260,0
DA:265,1
LF:99
LH:35
BRDA:84,0,0,27
BRDA:84,0,1,3
BRDA:88,1,0,13
BRDA:88,1,1,14
BRDA:93,2,0,3
BRDA:93,2,1,24
BRDA:97,3,0,4
BRDA:97,3,1,20
BRDA:103,4,0,2
BRDA:103,4,1,18
BRDA:103,5,0,20
BRDA:103,5,1,5
BRDA:121,6,0,0
BRDA:121,6,1,0
BRDA:121,7,0,0
BRDA:121,7,1,0
BRDA:121,7,2,0
BRDA:130,8,0,0
BRDA:130,8,1,0
BRDA:137,9,0,0
BRDA:137,9,1,0
BRDA:138,10,0,0
BRDA:138,10,1,0
BRDA:152,11,0,0
BRDA:152,11,1,0
BRDA:177,12,0,0
BRDA:177,12,1,0
BRDA:177,13,0,0
BRDA:177,13,1,0
BRDA:188,14,0,0
BRDA:188,14,1,0
BRDA:189,15,0,0
BRDA:189,15,1,0
BRDA:190,16,0,0
BRDA:190,16,1,0
BRDA:214,17,0,0
BRDA:214,17,1,0
BRDA:217,18,0,0
BRDA:217,18,1,0
BRDA:217,19,0,0
BRDA:217,19,1,0
BRDA:251,20,0,0
BRDA:251,20,1,0
BRDA:251,21,0,0
BRDA:251,21,1,0
BRDA:254,22,0,0
BRDA:254,22,1,0
BRF:47
BRH:12
end_of_record
TN:
SF:src/discovery.js
FN:33,fetchJson
FN:34,(anonymous_1)
FN:44,(anonymous_2)
FN:51,(anonymous_3)
FN:52,(anonymous_4)
FN:58,(anonymous_5)
FN:71,(anonymous_6)
FN:94,(anonymous_7)
FN:97,(anonymous_8)
FN:101,(anonymous_9)
FN:102,(anonymous_10)
FN:103,(anonymous_11)
FN:106,(anonymous_12)
FN:106,(anonymous_13)
FN:111,(anonymous_14)
FN:116,(anonymous_15)
FN:205,(anonymous_16)
FN:208,(anonymous_17)
FN:215,(anonymous_18)
FN:219,(anonymous_19)
FN:226,(anonymous_20)
FN:235,(anonymous_21)
FN:238,(anonymous_22)
FN:239,(anonymous_23)
FN:263,(anonymous_24)
FN:267,(anonymous_25)
FN:282,(anonymous_26)
FN:296,(anonymous_27)
FN:304,(anonymous_28)
FN:311,(anonymous_29)
FNF:30
FNH:12
FNDA:2,fetchJson
FNDA:2,(anonymous_1)
FNDA:0,(anonymous_2)
FNDA:0,(anonymous_3)
FNDA:0,(anonymous_4)
FNDA:0,(anonymous_5)
FNDA:38,(anonymous_6)
FNDA:3,(anonymous_7)
FNDA:0,(anonymous_8)
FNDA:0,(anonymous_9)
FNDA:0,(anonymous_10)
FNDA:0,(anonymous_11)
FNDA:0,(anonymous_12)
FNDA:0,(anonymous_13)
FNDA:21,(anonymous_14)
FNDA:1,(anonymous_15)
FNDA:0,(anonymous_16)
FNDA:0,(anonymous_17)
FNDA:0,(anonymous_18)
FNDA:0,(anonymous_19)
FNDA:0,(anonymous_20)
FNDA:0,(anonymous_21)
FNDA:0,(anonymous_22)
FNDA:0,(anonymous_23)
FNDA:3,(anonymous_24)
FNDA:3,(anonymous_25)
FNDA:2,(anonymous_26)
FNDA:6,(anonymous_27)
FNDA:4,(anonymous_28)
FNDA:2,(anonymous_29)
DA:25,2
DA:26,2
DA:27,2
DA:28,2
DA:30,2
DA:31,2
DA:34,2
DA:35,2
DA:36,2
DA:45,0
DA:46,0
DA:47,0
DA:49,0
DA:50,0
DA:51,0
DA:52,0
DA:53,0
DA:54,0
DA:58,2
DA:59,2
DA:78,38
DA:79,38
DA:80,38
DA:81,38
DA:82,38
DA:85,38
DA:88,38
DA:90,38
DA:95,3
DA:96,1
DA:97,1
DA:102,0
DA:103,0
DA:105,0
DA:106,0
DA:107,0
DA:112,21
DA:113,21
DA:117,1
DA:119,1
DA:120,1
DA:121,1
DA:123,1
DA:124,1
DA:125,1
DA:129,0
DA:130,0
DA:136,0
DA:137,0
DA:138,0
DA:142,0
DA:143,0
DA:144,0
DA:145,0
DA:146,0
DA:147,0
DA:152,0
DA:153,0
DA:154,0
DA:155,0
DA:156,0
DA:157,0
DA:158,0
DA:162,0
DA:163,0
DA:164,0
DA:165,0
DA:167,0
DA:168,0
DA:169,0
DA:170,0
DA:172,0
DA:183,0
DA:184,0
DA:188,0
DA:189,0
DA:190,0
DA:194,0
DA:202,0
DA:203,0
DA:204,0
DA:206,0
DA:207,0
DA:208,0
DA:210,0
DA:215,0
DA:216,0
DA:217,0
DA:219,0
DA:220,0
DA:221,0
DA:222,0
DA:226,0
DA:227,0
DA:228,0
DA:234,0
DA:236,0
DA:237,0
DA:238,0
DA:239,0
DA:241,0
DA:242,0
DA:243,0
DA:244,0
DA:245,0
DA:246,0
DA:247,0
DA:248,0
DA:249,0
DA:250,0
DA:258,0
DA:260,0
DA:264,3
DA:268,3
DA:269,2
DA:270,2
DA:271,1
DA:272,1
DA:274,1
DA:276,1
DA:283,2
DA:284,1
DA:285,1
DA:286,1
DA:292,0
DA:297,6
DA:298,6
DA:299,4
DA:300,4
DA:305,4
DA:306,4
DA:307,3
DA:312,2
DA:316,2
LF:134
LH:52
BRDA:45,0,0,0
BRDA:45,0,1,0
BRDA:45,1,0,0
BRDA:45,1,1,0
BRDA:71,2,0,0
BRDA:72,3,0,0
BRDA:73,4,0,23
BRDA:74,5,0,0
BRDA:75,6,0,16
BRDA:76,7,0,38
BRDA:95,8,0,1
BRDA:95,8,1,2
BRDA:95,9,0,3
BRDA:95,9,1,2
BRDA:105,10,0,0
BRDA:105,10,1,0
BRDA:107,11,0,0
BRDA:107,11,1,0
BRDA:136,12,0,0
BRDA:136,12,1,0
BRDA:136,13,0,0
BRDA:136,13,1,0
BRDA:143,14,0,0
BRDA:143,14,1,0
BRDA:144,15,0,0
BRDA:144,15,1,0
BRDA:146,16,0,0
BRDA:146,16,1,0
BRDA:154,17,0,0
BRDA:154,17,1,0
BRDA:156,18,0,0
BRDA:156,18,1,0
BRDA:163,19,0,0
BRDA:163,19,1,0
BRDA:165,20,0,0
BRDA:165,20,1,0
BRDA:168,21,0,0
BRDA:168,21,1,0
BRDA:168,22,0,0
BRDA:168,22,1,0
BRDA:169,23,0,0
BRDA:169,23,1,0
BRDA:170,24,0,0
BRDA:170,24,1,0
BRDA:178,25,0,0
BRDA:178,25,1,0
BRDA:189,26,0,0
BRDA:189,26,1,0
BRDA:203,27,0,0
BRDA:203,27,1,0
BRDA:208,28,0,0
BRDA:208,28,1,0
BRDA:217,29,0,0
BRDA:217,29,1,0
BRDA:219,30,0,0
BRDA:219,30,1,0
BRDA:220,31,0,0
BRDA:220,31,1,0
BRDA:222,32,0,0
BRDA:222,32,1,0
BRDA:227,33,0,0
BRDA:227,33,1,0
BRDA:242,34,0,0
BRDA:242,34,1,0
BRDA:244,35,0,0
BRDA:244,35,1,0
BRDA:245,36,0,0
BRDA:245,36,1,0
BRDA:246,37,0,0
BRDA:246,37,1,0
BRDA:247,38,0,0
BRDA:247,38,1,0
BRDA:248,39,0,0
BRDA:248,39,1,0
BRDA:249,40,0,0
BRDA:249,40,1,0
BRDA:260,41,0,0
BRDA:260,41,1,0
BRDA:268,42,0,1
BRDA:268,42,1,2
BRDA:283,43,0,1
BRDA:283,43,1,1
BRDA:298,44,0,2
BRDA:298,44,1,4
BRDA:306,45,0,1
BRDA:306,45,1,3
BRDA:312,46,0,2
BRDA:312,46,1,1
BRDA:312,47,0,2
BRDA:312,47,1,1
BRF:90
BRH:19
end_of_record
TN:
SF:src/loki.js
FN:22,(anonymous_0)
FN:31,(anonymous_1)
FN:35,(anonymous_2)
FN:38,(anonymous_3)
FN:52,(anonymous_4)
FN:65,(anonymous_5)
FN:72,(anonymous_6)
FN:77,(anonymous_7)
FN:78,(anonymous_8)
FN:83,(anonymous_9)
FN:87,(anonymous_10)
FN:91,(anonymous_11)
FN:106,(anonymous_12)
FN:115,(anonymous_13)
FN:133,(anonymous_14)
FN:134,(anonymous_15)
FN:164,(anonymous_16)
FN:166,(anonymous_17)
FN:167,(anonymous_18)
FN:178,(anonymous_19)
FN:188,(anonymous_20)
FN:210,(anonymous_21)
FNF:22
FNH:10
FNDA:37,(anonymous_0)
FNDA:2,(anonymous_1)
FNDA:0,(anonymous_2)
FNDA:35,(anonymous_3)
FNDA:6,(anonymous_4)
FNDA:6,(anonymous_5)
FNDA:42,(anonymous_6)
FNDA:0,(anonymous_7)
FNDA:0,(anonymous_8)
FNDA:2,(anonymous_9)
FNDA:0,(anonymous_10)
FNDA:0,(anonymous_11)
FNDA:9,(anonymous_12)
FNDA:4,(anonymous_13)
FNDA:0,(anonymous_14)
FNDA:0,(anonymous_15)
FNDA:0,(anonymous_16)
FNDA:0,(anonymous_17)
FNDA:0,(anonymous_18)
FNDA:0,(anonymous_19)
FNDA:0,(anonymous_20)
FNDA:20,(anonymous_21)
DA:1,2
DA:2,2
DA:3,2
DA:5,2
DA:7,2
DA:23,37
DA:24,37
DA:25,37
DA:26,37
DA:27,37
DA:28,37
DA:32,2
DA:36,0
DA:39,35
DA:40,35
DA:41,2
DA:42,2
DA:43,2
DA:45,33
DA:46,0
DA:49,35
DA:53,6
DA:54,6
DA:56,15
DA:57,14
DA:59,6
DA:60,6
DA:61,6
DA:62,6
DA:66,6
DA:73,42
DA:74,42
DA:75,42
DA:76,42
DA:77,4
DA:78,0
DA:80,4
DA:84,2
DA:85,1
DA:86,1
DA:87,0
DA:92,0
DA:93,0
DA:94,0
DA:95,0
DA:96,0
DA:97,0
DA:99,0
DA:100,0
DA:102,0
DA:107,9
DA:108,9
DA:109,9
DA:110,9
DA:111,9
DA:112,9
DA:116,4
DA:117,4
DA:118,6
DA:124,6
DA:125,6
DA:127,6
DA:128,6
DA:130,4
DA:134,0
DA:136,0
DA:137,0
DA:139,0
DA:142,0
DA:143,0
DA:144,0
DA:146,0
DA:150,0
DA:151,0
DA:155,0
DA:165,0
DA:166,0
DA:167,0
DA:168,0
DA:169,0
DA:170,0
DA:172,0
DA:178,0
DA:179,0
DA:180,0
DA:182,0
DA:183,0
DA:184,0
DA:189,0
DA:190,0
DA:191,0
DA:192,0
DA:206,0
DA:211,20
DA:212,20
DA:216,2
LF:96
LH:54
BRDA:45,0,0,0
BRDA:45,0,1,33
BRDA:56,1,0,1
BRDA:56,1,1,14
BRDA:56,2,0,15
BRDA:56,2,1,5
BRDA:68,3,0,1
BRDA:68,3,1,5
BRDA:75,4,0,38
BRDA:75,4,1,4
BRDA:76,5,0,38
BRDA:76,5,1,4
BRDA:76,6,0,42
BRDA:76,6,1,4
BRDA:80,7,0,4
BRDA:80,7,1,0
BRDA:84,8,0,1
BRDA:84,8,1,1
BRDA:86,9,0,0
BRDA:86,9,1,1
BRDA:86,10,0,1
BRDA:86,10,1,0
BRDA:92,11,0,0
BRDA:92,11,1,0
BRDA:92,12,0,0
BRDA:92,12,1,0
BRDA:92,12,2,0
BRDA:97,13,0,0
BRDA:97,13,1,0
BRDA:107,14,0,9
BRDA:107,14,1,0
BRDA:108,15,0,9
BRDA:108,15,1,7
BRDA:108,16,0,9
BRDA:108,16,1,0
BRDA:109,17,0,9
BRDA:109,17,1,8
BRDA:110,18,0,1
BRDA:110,18,1,8
BRDA:110,19,0,1
BRDA:110,19,1,0
BRDA:110,20,0,1
BRDA:110,20,1,0
BRDA:111,21,0,9
BRDA:111,21,1,7
BRDA:119,22,0,6
BRDA:119,22,1,0
BRDA:120,23,0,6
BRDA:120,23,1,0
BRDA:120,23,2,0
BRDA:121,24,0,6
BRDA:121,24,1,0
BRDA:122,25,0,6
BRDA:122,25,1,0
BRDA:125,26,0,5
BRDA:125,26,1,1
BRDA:127,27,0,6
BRDA:127,27,1,0
BRDA:128,28,0,6
BRDA:128,28,1,1
BRDA:128,28,2,0
BRDA:144,29,0,0
BRDA:144,29,1,0
BRDA:150,30,0,0
BRDA:150,30,1,0
BRDA:150,31,0,0
BRDA:150,31,1,0
BRDA:158,32,0,0
BRDA:158,32,1,0
BRDA:158,33,0,0
BRDA:158,33,1,0
BRDA:169,34,0,0
BRDA:169,34,1,0
BRDA:170,35,0,0
BRDA:170,35,1,0
BRDA:188,36,0,0
BRDA:190,37,0,0
BRDA:190,37,1,0
BRDA:206,38,0,0
BRDA:206,38,1,0
BRF:80
BRH:39
end_of_record
TN:
SF:src/mdns.js
FN:3,advertiseMdns
FN:48,(anonymous_1)
FNF:2
FNH:0
FNDA:0,advertiseMdns
FNDA:0,(anonymous_1)
DA:1,0
DA:4,0
DA:6,0
DA:20,0
DA:32,0
DA:49,0
DA:50,0
DA:51,0
DA:52,0
DA:60,0
LF:10
LH:0
BRF:0
BRH:0
end_of_record
TN:
SF:src/serviceConfig.js
FN:78,readServiceEnv
FN:101,writeServiceEnv
FNF:2
FNH:2
FNDA:11,readServiceEnv
FNDA:7,writeServiceEnv
DA:11,2
DA:12,2
DA:15,2
DA:79,11
DA:80,11
DA:81,9
DA:82,9
DA:83,77
DA:84,77
DA:85,13
DA:86,13
DA:87,11
DA:88,11
DA:89,11
DA:91,9
DA:93,2
DA:102,7
DA:103,7
DA:109,7
DA:110,56
DA:111,56
DA:112,56
DA:113,4
DA:115,52
DA:117,56
DA:119,7
DA:122,2
LF:27
LH:27
BRDA:84,0,0,64
BRDA:84,0,1,13
BRDA:84,1,0,77
BRDA:84,1,1,49
BRDA:86,2,0,2
BRDA:86,2,1,11
BRDA:112,3,0,4
BRDA:112,3,1,52
BRDA:112,4,0,56
BRDA:112,4,1,5
BRF:10
BRH:10
end_of_record
TN:
SF:src/storage.js
FN:4,ipToFileName
FN:9,(anonymous_1)
FN:15,(anonymous_2)
FN:32,(anonymous_3)
FN:36,(anonymous_4)
FN:51,(anonymous_5)
FN:73,(anonymous_6)
FN:74,(anonymous_7)
FN:81,(anonymous_8)
FN:96,(anonymous_9)
FN:105,(anonymous_10)
FN:116,(anonymous_11)
FN:122,(anonymous_12)
FN:126,(anonymous_13)
FN:127,(anonymous_14)
FNF:15
FNH:15
FNDA:112,ipToFileName
FNDA:37,(anonymous_1)
FNDA:37,(anonymous_2)
FNDA:112,(anonymous_3)
FNDA:93,(anonymous_4)
FNDA:94,(anonymous_5)
FNDA:9,(anonymous_6)
FNDA:1,(anonymous_7)
FNDA:12,(anonymous_8)
FNDA:82,(anonymous_9)
FNDA:44,(anonymous_10)
FNDA:3,(anonymous_11)
FNDA:2,(anonymous_12)
FNDA:3,(anonymous_13)
FNDA:3,(anonymous_14)
DA:1,2
DA:2,2
DA:5,112
DA:10,37
DA:11,37
DA:12,37
DA:16,37
DA:17,37
DA:18,37
DA:19,2
DA:20,1
DA:21,1
DA:22,1
DA:23,1
DA:33,112
DA:37,93
DA:38,93
DA:39,93
DA:40,93
DA:42,93
DA:43,93
DA:52,94
DA:53,94
DA:55,16
DA:56,16
DA:57,16
DA:58,16
DA:59,16
DA:60,16
DA:62,16
DA:63,16
DA:64,16
DA:65,16
DA:67,16
DA:69,16
DA:74,9
DA:75,1
DA:76,1
DA:77,1
DA:82,12
DA:85,12
DA:86,12
DA:88,2
DA:89,2
DA:91,0
DA:94,10
DA:96,82
DA:99,10
DA:100,10
DA:101,10
DA:103,10
DA:104,10
DA:105,44
DA:107,10
DA:108,10
DA:117,3
DA:118,3
DA:119,3
DA:123,2
DA:124,2
DA:126,3
DA:127,3
DA:129,2
DA:133,2
LF:64
LH:63
BRDA:19,0,0,1
BRDA:19,0,1,1
BRDA:53,1,0,78
BRDA:53,1,1,16
BRDA:64,2,0,16
BRDA:64,2,1,0
BRDA:75,3,0,0
BRDA:75,3,1,1
BRDA:76,4,0,0
BRDA:76,4,1,1
BRDA:81,5,0,6
BRDA:81,6,0,9
BRDA:88,7,0,2
BRDA:88,7,1,0
BRDA:100,8,0,10
BRDA:100,8,1,9
BRDA:101,9,0,10
BRDA:101,9,1,0
BRDA:112,10,0,3
BRDA:112,10,1,7
BRF:20
BRH:15
end_of_record
TN:
SF:src/syslogParser.js
FN:5,parseSyslogLine
FNF:1
FNH:1
FNDA:21,parseSyslogLine
DA:3,1
DA:6,21
DA:7,21
DA:9,21
DA:10,21
DA:11,5
DA:25,16
DA:39,1
LF:8
LH:8
BRDA:6,0,0,21
BRDA:6,0,1,3
BRDA:10,1,0,5
BRDA:10,1,1,16
BRDA:32,2,0,2
BRDA:32,2,1,14
BRDA:33,3,0,2
BRDA:33,3,1,14
BRDA:34,4,0,16
BRDA:34,4,1,1
BRF:10
BRH:10
end_of_record
